instruction> setoption name Hash value 512
stdOut> Stockfish 060919 64 BMI2 by T. Romstad, M. Costalba, J. Kiiski, G. Linscott
instruction> setoption name Threads value 2
instruction> setoption name MultiPV value 4
userStdOut> chesscom movelist "e2e4 e7e5 g1f3 b8c6 f1b5 a7a6 b5a4 g8f6 e1g1 f8e7 f1e1 b7b5 a4b3 d7d6 c2c3 e8g8 h2h3 c8b7 d2d4 f8e8 b1d2 e7f8 b3c2 c6b8 a2a4 b8d7 c2d3 c7c6 b2b4 g7g6 c1b2 f8g7 c3c4 e5d4 c4c5 d6c5 d3f1 c5b4 e4e5 f6d5 d2e4 d7e5 e4c5 e5f3 d1f3 d8b6 e1e8 "
userStdOut> stop
instruction> stop
userStdOut> isready
instruction> isready
stdOut> readyok
userStdOut> position startpos moves e2e4 e7e5 g1f3 b8c6 f1b5 a7a6 b5a4 g8f6 e1g1 f8e7 f1e1 b7b5 a4b3 d7d6 c2c3 e8g8 h2h3 c8b7 d2d4 f8e8 b1d2 e7f8 b3c2 c6b8 a2a4 b8d7 c2d3 c7c6 b2b4 g7g6 c1b2 f8g7 c3c4 e5d4 c4c5 d6c5 d3f1 c5b4 e4e5 f6d5 d2e4 d7e5 e4c5 e5f3 d1f3 d8b6 e1e8 
instruction> position startpos moves e2e4 e7e5 g1f3 b8c6 f1b5 a7a6 b5a4 g8f6 e1g1 f8e7 f1e1 b7b5 a4b3 d7d6 c2c3 e8g8 h2h3 c8b7 d2d4 f8e8 b1d2 e7f8 b3c2 c6b8 a2a4 b8d7 c2d3 c7c6 b2b4 g7g6 c1b2 f8g7 c3c4 e5d4 c4c5 d6c5 d3f1 c5b4 e4e5 f6d5 d2e4 d7e5 e4c5 e5f3 d1f3 d8b6 e1e8 
userStdOut> isready
instruction> isready
stdOut> readyok
userStdOut> go infinite
instruction> go infinite
stdOut> info depth 1 seldepth 1 multipv 1 score cp 524 nodes 60 nps 30000 tbhits 0 time 2 pv a8e8 c5b7 b6b7 a4b5 a6b5
stdOut> info depth 1 seldepth 1 multipv 2 score cp -333 nodes 60 nps 30000 tbhits 0 time 2 pv g7f8
stdOut> info depth 2 seldepth 2 multipv 1 score cp 524 nodes 100 nps 50000 tbhits 0 time 2 pv a8e8 c5b7
stdOut> info depth 2 seldepth 2 multipv 2 score cp -184 nodes 100 nps 50000 tbhits 0 time 2 pv g7f8 e8a8
stdOut> info depth 3 seldepth 3 multipv 1 score cp 524 nodes 150 nps 75000 tbhits 0 time 2 pv a8e8 c5b7 b6b7
stdOut> info depth 3 seldepth 3 multipv 2 score cp -184 nodes 150 nps 75000 tbhits 0 time 2 pv g7f8 e8a8 b7a8
stdOut> info depth 4 seldepth 4 multipv 1 score cp 524 nodes 337 nps 168500 tbhits 0 time 2 pv a8e8 c5b7 b6b7 a4b5
stdOut> info depth 4 seldepth 4 multipv 2 score cp -519 nodes 337 nps 168500 tbhits 0 time 2 pv g7f8 c5d7 a8e8 d7b6 d5b6
stdOut> info depth 5 seldepth 5 multipv 1 score cp -67 nodes 574 nps 287000 tbhits 0 time 2 pv a8e8 c5d7 b5a4 d7b6 d5b6
stdOut> info depth 5 seldepth 5 multipv 2 score cp -519 nodes 574 nps 287000 tbhits 0 time 2 pv g7f8 c5d7 a8e8 d7b6 d5b6
stdOut> info depth 6 seldepth 6 multipv 1 score cp 50 nodes 718 nps 359000 tbhits 0 time 2 pv a8e8 c5d7 b5a4 d7b6 d5b6
stdOut> info depth 6 seldepth 6 multipv 2 score cp -519 nodes 718 nps 359000 tbhits 0 time 2 pv g7f8 c5d7 a8e8 d7b6 d5b6 a4b5
stdOut> info depth 7 seldepth 8 multipv 1 score cp 524 nodes 1892 nps 946000 tbhits 0 time 2 pv a8e8 c5b7 b6b7
stdOut> info depth 7 seldepth 10 multipv 2 score cp -332 nodes 1892 nps 946000 tbhits 0 time 2 pv g7f8 c5d7 b6a7 d7e5
stdOut> info depth 8 seldepth 10 multipv 1 score cp 535 nodes 5466 nps 1822000 tbhits 0 time 3 pv a8e8 c5b7 b6b7 a4b5 a6b5 a1c1 b7b6
stdOut> info depth 8 seldepth 9 multipv 2 score cp -455 nodes 5466 nps 1822000 tbhits 0 time 3 pv g7f8 c5d7 b6c7 e8a8 c7d7 a8f8 g8f8 b2d4 d7f5
stdOut> info depth 9 seldepth 15 multipv 1 score cp 556 nodes 15474 nps 2579000 tbhits 0 time 6 pv a8e8 c5b7 b6b7 a4b5 a6b5 a1c1 d5c3
stdOut> info depth 9 seldepth 12 multipv 2 score cp -458 nodes 15474 nps 2579000 tbhits 0 time 6 pv g7f8 c5d7 b6c7 e8a8 c7d7 a8b8 d7c7
stdOut> info depth 10 seldepth 14 multipv 1 score cp 560 nodes 20294 nps 2899142 tbhits 0 time 7 pv a8e8 c5b7 b6b7 a4b5 a6b5 f3d3 d5c3 g2g3 c3a4 b2d4 e8d8
stdOut> info depth 10 seldepth 11 multipv 2 score cp -406 nodes 20294 nps 2899142 tbhits 0 time 7 pv g7f8 c5d7 b6c7 e8f8 a8f8 d7f8 g8f8 b2d4 c7d6
stdOut> info depth 11 seldepth 15 multipv 1 score cp 600 nodes 34724 nps 3156727 tbhits 0 time 11 pv a8e8 c5b7 b6b7 a4b5 a6b5 f3d3 d5c3 g2g3 c3a4
stdOut> info depth 11 seldepth 15 multipv 2 score cp -514 nodes 34724 nps 3156727 tbhits 0 time 11 pv g7f8 c5d7 b6c7 e8a8 b7a8 d7f8 a8b7 a4b5 c6b5 b2d4 g8f8 a1e1 d5c3
stdOut> info depth 12 seldepth 14 multipv 1 score cp 602 nodes 58472 nps 3439529 tbhits 0 time 17 pv a8e8 c5b7 b6b7 a4b5 a6b5 f3d3 d5c3 d3f3 c3a4 a1b1 b7d7 f3d3 a4c3 b2c3 b4c3
stdOut> info depth 12 seldepth 21 multipv 2 score cp -439 nodes 58472 nps 3439529 tbhits 0 time 17 pv g7f8 c5d7 b6c7 e8a8 b7a8 d7f8 b5a4 a1a4 g8f8 b2d4
stdOut> info depth 13 seldepth 20 multipv 1 score cp 625 nodes 105324 nps 3510800 tbhits 0 time 30 pv a8e8 c5b7 b6b7 a4b5 a6b5 f1d3 c6c5 d3e4 e8d8 e4d5 b7d5 f3d5 d8d5 a1a8 g7f8 a8b8
stdOut> info depth 13 seldepth 20 multipv 2 score cp -377 nodes 105324 nps 3510800 tbhits 0 time 30 pv g7f8 c5d7 b6c7 e8a8 b7a8 d7f8 b5a4 a1a4 g8f8 b2d4 a6a5 f1c4 f7f5
stdOut> info depth 14 seldepth 21 multipv 1 score cp 650 nodes 211892 nps 3783785 tbhits 0 time 56 pv a8e8 c5b7 b6b7 a4b5 a6b5 f3d3 d5c3 b2c3 d4c3 a1b1 b7e7 d3c2 e8b8 b1d1 c6c5 d1d5 c5c4
stdOut> info depth 14 seldepth 24 multipv 2 score cp -499 nodes 211892 nps 3783785 tbhits 0 time 56 pv g7f8 c5d7 b6c7 e8a8 b7a8 d7f8 g8f8 a4b5 a6a5 b5c6 a8c6 b2d4 f8g8 f1c4 d5f4 f3g3 a5a4 a1e1
stdOut> info depth 15 seldepth 24 multipv 1 score cp 662 nodes 378789 nps 3865193 tbhits 0 time 98 pv a8e8 c5b7 b6b7 a4b5 a6b5 f3d3 d5c3 d3f3 b7c7 g1h1 b4b3 h1g1 c6c5 a1a8 e8d8 a8d8 c7d8
stdOut> info depth 15 seldepth 25 multipv 2 score cp -536 nodes 378789 nps 3865193 tbhits 0 time 98 pv g7f8 c5d7 b6c7 e8a8 b7a8 d7f8 b5a4 a1a4 g8f8 a4a6 a8b7 a6a7 c6c5 f1c4 c7b6 a7b7 b6b7 c4d5 b7d7 b2c1
stdOut> info depth 16 seldepth 27 multipv 1 score cp 607 nodes 665289 nps 3801651 tbhits 0 time 175 pv a8e8 c5b7 b6b7 g2g3 e8d8 f3d3 b7b6 h3h4 d5c3 a4b5 a6b5 h4h5 d8e8 h5g6 h7g6 d3c2 c6c5 b2c3 d4c3
stdOut> info depth 16 seldepth 29 multipv 2 score cp -582 nodes 665289 nps 3801651 tbhits 0 time 175 pv g7f8 c5d7 b6c7 e8a8 b7a8 d7f8 b5a4 a1a4 g8f8 f1c4 c6c5 a4a6 a8b7 a6a7 c7b6 a7b7 b6b7 c4d5 b7e7 b2c1 f8g7 c1d2 f7f6 f3g3 f6f5
stdOut> info depth 17 seldepth 26 multipv 1 score cp 670 nodes 846499 nps 3847722 tbhits 0 time 220 pv a8e8 c5b7 b6b7 g2g3 e8d8 f3d3 b7b6 h3h4 d5c3 a4b5 a6b5 h4h5 c6c5 h5g6 h7g6 d3c2 c5c4 b2c3 d4c3
stdOut> info depth 17 seldepth 24 multipv 2 score cp -582 nodes 846499 nps 3847722 tbhits 0 time 220 pv g7f8 c5d7 b6c7 e8a8 b7a8 d7f8 b5a4 a1a4 g8f8 f1c4 c6c5 a4a6 a8b7 a6a7 c7b6 a7b7 b6b7 c4d5 b7e7 b2c1 f8g7 c1d2 f7f6 f3g3
stdOut> info depth 18 seldepth 33 multipv 1 score cp 646 nodes 1338798 nps 4008377 tbhits 0 time 334 pv a8e8 c5d7 b6d8 d7c5 d8e7 c5b7 e7b7 g2g3 e8d8 f3d3 b7b6 a4b5 a6b5 a1d1 d5c3 b2c3 b4c3 d3b1 b5b4 b1b3 c6c5 f1c4 b6c7 b3b1 c7d7
stdOut> info depth 18 seldepth 29 multipv 2 score cp -578 nodes 1338798 nps 4008377 tbhits 0 time 334 pv g7f8 c5d7 b6c7 e8a8 b7a8 d7f8 a8b7 a4b5 c6b5 a1c1 c7e7 f8h7 g8h7 b2d4 f7f5 f3b3 f5f4 f1d3 e7g5 f2f3 h7h6 b3b2 a6a5 d3b5 g5d8
stdOut> info depth 19 seldepth 30 multipv 1 score cp 665 nodes 2457741 nps 4151589 tbhits 0 time 592 pv a8e8 c5b7 b6b7 g2g3 e8d8 f3d3 b7b6 a4b5 a6b5 a1d1 d5c3 b2c3 b4c3 d3b1 b5b4 f1c4 c6c5 b1b3 b6f6 b3b1 f6f5 b1f5 g6f5 f2f3 d8e8 g1g2
stdOut> info depth 19 seldepth 33 multipv 2 score cp -637 nodes 2457741 nps 4151589 tbhits 0 time 592 pv g7f8 c5d7 b6c7 e8a8 b7a8 d7f8 b5a4 a1a4 g8f8 a4a6 a8b7 a6a7 c7b6 b2d4 b6d4 a7b7 d4f6 f3f6 d5f6 b7b4 f6d7 b4b7 d7c5
stdOut> info depth 20 seldepth 29 multipv 1 score cp 706 nodes 4087783 nps 4266996 tbhits 0 time 958 pv a8e8 c5b7 b6b7 f1d3 c6c5 a4b5 a6b5 a1d1 e8d8 d3b1 b7b6 f3d3 d5c3 b2c3 b4c3 b1a2 c5c4 d3e4
stdOut> info depth 20 seldepth 34 multipv 2 score cp -646 nodes 4087783 nps 4266996 tbhits 0 time 958 pv g7f8 c5d7 b6c7 e8a8 b7a8 d7f8 a8b7 a4b5 c6b5 a1a6 b7a6 f3d5 g8f8 d5d4 f8e8 d4b4 c7e7 b4a5 e7e6 a5c7 f7f5 b2a3 e6f6 c7b8 e8d7 b8a7 d7e8 a7a8 e8d7
stdOut> info depth 21 seldepth 39 multipv 1 score cp 709 nodes 6963173 nps 4349264 hashfull 99 tbhits 0 time 1601 pv a8e8 c5b7 b6b7 a4b5 a6b5 g2g3 e8d8 b2c1 d5c3 h3h4 b7d7 h4h5 d4d3 f1d3 c3a4 h5g6 h7g6 a1b1 d7d3 f3d3 d8d3 c1g5
stdOut> info depth 21 seldepth 44 multipv 2 score cp -565 nodes 6963173 nps 4349264 hashfull 99 tbhits 0 time 1601 pv g7f8 c5d7 b6c7 e8a8 b7a8 d7f8 a8b7 a4b5 c6b5 a1c1 c7e7 f8g6 f7g6 b2d4 e7f7 f3b3 f7f4 d4e3 f4d6 g2g3 d6e7 c1d1 e7e6 f1g2
stdOut> info depth 22 seldepth 39 multipv 1 score cp 740 nodes 11014929 nps 4371003 hashfull 139 tbhits 0 time 2520 pv a8e8 c5b7 b6b7 g2g4 d5c3 a4b5 a6b5 f1g2 e8d8 f3c6 b7c6 g2c6 d4d3 c6f3 d3d2 g1g2 h7h6 g2f1 d2d1q f3d1 d8d1 a1d1 c3d1 b2g7 g8g7 f1e2 d1f2 g4g5 f2h3 g5h6 g7h6
stdOut> info depth 22 seldepth 47 multipv 2 score cp -675 nodes 11014929 nps 4371003 hashfull 139 tbhits 0 time 2520 pv g7f8 c5d7 b6c7 e8a8 b7a8 d7f8 a8b7 a4b5 c6b5 a1a6 b7a6 f3d5 g8f8 d5d4 f8e8 d4b4 c7e7 b4d4 e7e6 d4h8 e8d7 h8h7 g6g5 h7h8 b5b4 h8d4 d7e8 f1a6 e6a6 d4b4 a6g6 b2a3 g6e6 b4a4 e8d8 a4d4 d8e8 a3b4 e6c6 d4e3 e8d7 e3g5
stdOut> info depth 22 currmove g7f8 currmovenumber 2
stdOut> info depth 23 seldepth 37 multipv 1 score cp 777 nodes 14692217 nps 4401502 hashfull 178 tbhits 0 time 3338 pv a8e8 c5b7 b6b7 a4b5 a6b5 g2g3 d5c3 h3h4 b7d7 h4h5 c6c5 a1a8 b4b3 a8e8 d7e8 h5h6 g7h6 b2c3 d4c3 f3c3 c5c4 c3b2 h6g7 b2e2 e8c6 e2e3 b3b2
stdOut> info depth 22 seldepth 47 multipv 2 score cp -675 nodes 14692217 nps 4401502 hashfull 178 tbhits 0 time 3338 pv g7f8 c5d7 b6c7 e8a8 b7a8 d7f8 a8b7 a4b5 c6b5 a1a6 b7a6 f3d5 g8f8 d5d4 f8e8 d4b4 c7e7 b4d4 e7e6 d4h8 e8d7 h8h7 g6g5 h7h8 b5b4 h8d4 d7e8 f1a6 e6a6 d4b4 a6g6 b2a3 g6e6 b4a4 e8d8 a4d4 d8e8 a3b4 e6c6 d4e3 e8d7 e3g5
stdOut> info depth 23 currmove g7f8 currmovenumber 2
stdOut> info depth 22 currmove g7f8 currmovenumber 2
stdOut> info depth 23 seldepth 37 multipv 1 score cp 777 nodes 14829815 nps 4408387 hashfull 178 tbhits 0 time 3364 pv a8e8 c5b7 b6b7 a4b5 a6b5 g2g3 d5c3 h3h4 b7d7 h4h5 c6c5 a1a8 b4b3 a8e8 d7e8 h5h6 g7h6 b2c3 d4c3 f3c3 c5c4 c3b2 h6g7 b2e2 e8c6 e2e3 b3b2
stdOut> info depth 23 seldepth 45 multipv 2 score cp -657 nodes 14829815 nps 4408387 hashfull 178 tbhits 0 time 3364 pv g7f8 c5d7 b6c7 e8a8 b7a8 d7f8 a8b7 a4b5 c6b5 a1a6 b7a6 f3d5 g8f8 d5d4 f8e8 d4b4 c7e7 b4d4 e7e6 d4h8 e8d7 h8h7 g6g5 h7g7 b5b4 f1a6 e6a6 g7f7 d7c6 f7e6 c6b5
stdOut> info depth 24 currmove a8e8 currmovenumber 1
stdOut> info depth 24 currmove g7f8 currmovenumber 2
stdOut> info depth 24 currmove a8e8 currmovenumber 1
userStdOut> chesscom movelist "e2e4 e7e5 g1f3 b8c6 f1b5 a7a6 b5a4 g8f6 e1g1 f8e7 f1e1 b7b5 a4b3 d7d6 c2c3 e8g8 h2h3 c8b7 d2d4 f8e8 b1d2 e7f8 b3c2 c6b8 a2a4 b8d7 c2d3 c7c6 b2b4 g7g6 c1b2 f8g7 c3c4 e5d4 c4c5 d6c5 d3f1 c5b4 e4e5 f6d5 d2e4 d7e5 e4c5 e5f3 d1f3 d8b6 e1e8 a8e8 "
userStdOut> stop
instruction> stop
stdOut> info depth 24 seldepth 38 multipv 1 score cp 767 nodes 17497295 nps 4421858 hashfull 212 tbhits 0 time 3957 pv a8e8 c5b7
stdOut> info depth 23 seldepth 45 multipv 2 score cp -657 nodes 17497295 nps 4421858 hashfull 212 tbhits 0 time 3957 pv g7f8 c5d7 b6c7 e8a8 b7a8 d7f8 a8b7 a4b5 c6b5 a1a6 b7a6 f3d5 g8f8 d5d4 f8e8 d4b4 c7e7 b4d4 e7e6 d4h8 e8d7 h8h7 g6g5 h7g7 b5b4 f1a6 e6a6 g7f7 d7c6 f7e6 c6b5
stdOut> bestmove a8e8 ponder c5b7
userStdOut> isready
instruction> isready
stdOut> readyok
userStdOut> position startpos moves e2e4 e7e5 g1f3 b8c6 f1b5 a7a6 b5a4 g8f6 e1g1 f8e7 f1e1 b7b5 a4b3 d7d6 c2c3 e8g8 h2h3 c8b7 d2d4 f8e8 b1d2 e7f8 b3c2 c6b8 a2a4 b8d7 c2d3 c7c6 b2b4 g7g6 c1b2 f8g7 c3c4 e5d4 c4c5 d6c5 d3f1 c5b4 e4e5 f6d5 d2e4 d7e5 e4c5 e5f3 d1f3 d8b6 e1e8 a8e8 
instruction> position startpos moves e2e4 e7e5 g1f3 b8c6 f1b5 a7a6 b5a4 g8f6 e1g1 f8e7 f1e1 b7b5 a4b3 d7d6 c2c3 e8g8 h2h3 c8b7 d2d4 f8e8 b1d2 e7f8 b3c2 c6b8 a2a4 b8d7 c2d3 c7c6 b2b4 g7g6 c1b2 f8g7 c3c4 e5d4 c4c5 d6c5 d3f1 c5b4 e4e5 f6d5 d2e4 d7e5 e4c5 e5f3 d1f3 d8b6 e1e8 a8e8 
userStdOut> isready
instruction> isready
stdOut> readyok
userStdOut> go infinite
instruction> go infinite
stdOut> info depth 1 seldepth 1 multipv 1 score cp -777 nodes 507 nps 507000 tbhits 0 time 1 pv c5b7
stdOut> info depth 1 seldepth 1 multipv 2 score cp -777 nodes 507 nps 507000 tbhits 0 time 1 pv a4b5
stdOut> info depth 1 seldepth 1 multipv 3 score cp -777 nodes 507 nps 507000 tbhits 0 time 1 pv c5d7
stdOut> info depth 1 seldepth 1 multipv 4 score cp -777 nodes 507 nps 507000 tbhits 0 time 1 pv a1c1
stdOut> info depth 2 seldepth 2 multipv 1 score cp -777 nodes 1076 nps 1076000 tbhits 0 time 1 pv c5b7 b6b7
stdOut> info depth 2 seldepth 2 multipv 2 score cp -777 nodes 1076 nps 1076000 tbhits 0 time 1 pv a4b5 b6c5
stdOut> info depth 2 seldepth 2 multipv 3 score cp -777 nodes 1076 nps 1076000 tbhits 0 time 1 pv c5d7 b6c7
stdOut> info depth 2 seldepth 2 multipv 4 score cp -777 nodes 1076 nps 1076000 tbhits 0 time 1 pv a1c1 d5c3
stdOut> info depth 3 seldepth 3 multipv 1 score cp -777 nodes 1617 nps 1617000 tbhits 0 time 1 pv c5b7 b6b7 f3d3
stdOut> info depth 3 seldepth 3 multipv 2 score cp -777 nodes 1617 nps 1617000 tbhits 0 time 1 pv a4b5 b6c5 b5a6
stdOut> info depth 3 seldepth 3 multipv 3 score cp -777 nodes 1617 nps 1617000 tbhits 0 time 1 pv c5d7 b6c7 d7c5
stdOut> info depth 3 seldepth 3 multipv 4 score cp -777 nodes 1617 nps 1617000 tbhits 0 time 1 pv a1c1 d5c3 c5d7
stdOut> info depth 4 seldepth 4 multipv 1 score cp -777 nodes 2236 nps 2236000 tbhits 0 time 1 pv c5b7 b6b7 f3d3 d5c3
stdOut> info depth 4 seldepth 4 multipv 2 score cp -777 nodes 2236 nps 2236000 tbhits 0 time 1 pv a4b5 b6c5 b5a6 b7a8
stdOut> info depth 4 seldepth 4 multipv 3 score cp -777 nodes 2236 nps 2236000 tbhits 0 time 1 pv c5d7 b6c7 d7c5 c7e7
stdOut> info depth 4 seldepth 4 multipv 4 score cp -777 nodes 2236 nps 2236000 tbhits 0 time 1 pv a1c1 d5c3 c5d7 b6d8
stdOut> info depth 5 seldepth 5 multipv 1 score cp -777 nodes 2950 nps 1475000 tbhits 0 time 2 pv c5b7
stdOut> info depth 5 seldepth 5 multipv 2 score cp -777 nodes 2950 nps 1475000 tbhits 0 time 2 pv a4b5 b6c5 b5a6 b7a8 f3d3
stdOut> info depth 5 seldepth 5 multipv 3 score cp -777 nodes 2950 nps 1475000 tbhits 0 time 2 pv c5d7 b6c7 d7c5 c7e7 c5b7
stdOut> info depth 5 seldepth 5 multipv 4 score cp -777 nodes 2950 nps 1475000 tbhits 0 time 2 pv a1c1 d5c3 c5d7 b6d8 d7c5
stdOut> info depth 6 seldepth 6 multipv 1 score cp -761 nodes 3909 nps 1954500 tbhits 0 time 2 pv c5b7 b6b7 g2g4 d5c3 f1g2
stdOut> info depth 6 seldepth 6 multipv 2 score cp -777 nodes 3909 nps 1954500 tbhits 0 time 2 pv c5d7 b6c7 d7c5 c7e7 c5b7 e7b7
stdOut> info depth 6 seldepth 6 multipv 3 score cp -777 nodes 3909 nps 1954500 tbhits 0 time 2 pv a4b5 b6c5 b5a6 b7a8 f3d3 d5c3
stdOut> info depth 6 seldepth 6 multipv 4 score cp -777 nodes 3909 nps 1954500 tbhits 0 time 2 pv a1c1 d5c3 c5d7 b6d8 d7c5 d8e7
stdOut> info depth 7 seldepth 7 multipv 1 score cp -767 nodes 5894 nps 2947000 tbhits 0 time 2 pv c5d7 b6c7 d7c5 c7e7 c5b7 e7b7 g2g4
stdOut> info depth 7 seldepth 8 multipv 2 score cp -777 nodes 5894 nps 2947000 tbhits 0 time 2 pv c5b7 b6b7 f3d1 d5c3 b2c3 d4c3 a1b1 b7b6
stdOut> info depth 7 seldepth 8 multipv 3 score cp -777 nodes 5894 nps 2947000 tbhits 0 time 2 pv a4b5 b6c5 b5a6 b7a8 f3d3 d5c3 d3c4 c5c4
stdOut> info depth 7 seldepth 8 multipv 4 score cp -777 nodes 5894 nps 2947000 tbhits 0 time 2 pv a1c1 d5c3 c5d7 b6d8 d7c5 d8e7 c5b7 e7b7
stdOut> info depth 8 seldepth 14 multipv 1 score cp -633 nodes 8189 nps 2729666 tbhits 0 time 3 pv c5b7 b6b7 f3d1 d5c3 b2c3 d4c3
stdOut> info depth 8 seldepth 10 multipv 2 score cp -777 nodes 8189 nps 2729666 tbhits 0 time 3 pv c5d7 b6c7 d7c5 c7e7 c5b7 e7b7
stdOut> info depth 8 seldepth 10 multipv 3 score cp -777 nodes 8189 nps 2729666 tbhits 0 time 3 pv a4b5 b6c5 b5a6 b7a8 f3d3 d5c3 d3c4 c5c4 f1c4 c6c5
stdOut> info depth 8 seldepth 10 multipv 4 score cp -777 nodes 8189 nps 2729666 tbhits 0 time 3 pv a1c1 d5c3 c5d7 b6d8 d7c5 d8e7 b2c3 d4c3 a4b5 e7c5 b5a6
stdOut> info depth 9 seldepth 12 multipv 1 score cp -729 nodes 16840 nps 3368000 tbhits 0 time 5 pv c5b7 b6b7 f3d1 d5c3 b2c3 d4c3 a1b1 b7b6 b1b4 b6c5 d1d7 e8e1
stdOut> info depth 9 seldepth 20 multipv 2 score cp -777 nodes 16840 nps 3368000 tbhits 0 time 5 pv c5d7 b6c7 d7c5 c7e7 a4b5 e7c5 b5a6 b7a8 f3d3 d5c3 d3c4 c5c4 f1c4 c6c5
stdOut> info depth 9 seldepth 15 multipv 3 score cp -788 nodes 16840 nps 3368000 tbhits 0 time 5 pv a4b5 b6c5 b5a6 b7a8 f3d3 d5c3 d3c4 c5c4 f1c4 c6c5 a1c1 e8d8 b2c3 d4c3
stdOut> info depth 9 seldepth 12 multipv 4 score cp -788 nodes 16840 nps 3368000 tbhits 0 time 5 pv a1c1 d5c3 c5d7 b6d8 d7c5 d8e7 b2c3 d4c3 c5b7 e7b7 f3d1 c6c5
stdOut> info depth 10 seldepth 16 multipv 1 score cp -552 nodes 28244 nps 4034857 tbhits 0 time 7 pv a1c1 d5c3 c5d7 b6c7 d7f6 g7f6 f3f6
stdOut> info depth 10 seldepth 20 multipv 2 score cp -736 nodes 28244 nps 4034857 tbhits 0 time 7 pv a4b5 b6c5 b5a6 b7a8 f3d3 d5c3 d3c4 c5e7 a1a5
stdOut> info depth 10 seldepth 16 multipv 3 score cp -759 nodes 28244 nps 4034857 tbhits 0 time 7 pv c5b7 b6b7 f3d1 d5c3 b2c3 d4c3 a1b1 b7b6 b1b4 b6c5 a4b5 a6b5 d1d7 e8e1
stdOut> info depth 10 seldepth 17 multipv 4 score cp -778 nodes 28244 nps 4034857 tbhits 0 time 7 pv c5d7 b6c7 d7c5 c7e7 c5b3 b5a4 a1a4 c6c5 a4a1 d5c3 f3d3 b7d5 b2c3 b4c3 b3a5 e7c7
stdOut> info depth 11 seldepth 16 multipv 1 score cp -702 nodes 72065 nps 4003611 tbhits 0 time 18 pv c5b7 b6b7 a4b5 a6b5 g2g4 c6c5 f1b5 b7b5 f3d5
stdOut> info depth 11 seldepth 16 multipv 2 score cp -746 nodes 72065 nps 4003611 tbhits 0 time 18 pv c5d7 b6c7 d7c5 c7e7 a4b5 e7c5 b5a6 b7a8 f3d3 d5c3 d3c4 c5c4 f1c4
stdOut> info depth 11 seldepth 16 multipv 3 score cp -788 nodes 72065 nps 4003611 tbhits 0 time 18 pv a1c1 d5c3 c5d7 b6d8 d7c5 d8e7 b2c3 d4c3 c5b7 e7b7 a4b5 a6b5 f3d3 c6c5 d3b5 b7b5 f1b5
stdOut> info depth 11 seldepth 16 multipv 4 score cp -798 nodes 72065 nps 4003611 tbhits 0 time 18 pv a4b5 b6c5 b5a6 b7a8 f3d3 d5c3 a6a7 c5e7 a1a6 c6c5 a6a1 e8d8 d3d2 d4d3
stdOut> info depth 12 seldepth 18 multipv 1 score cp -704 nodes 93441 nps 3893375 tbhits 0 time 24 pv c5b7 b6b7 a4b5 a6b5 g2g4 c6c5 f1b5 b7b5 f3d5 b5e2 b2c1 c5c4 a1a8 c4c3 a8e8 e2e8 g1f1
stdOut> info depth 12 seldepth 22 multipv 2 score cp -710 nodes 93441 nps 3893375 tbhits 0 time 24 pv c5d7 b6c7 d7c5 c7e7 c5b7 e7b7 a4b5 a6b5 g2g4 c6c5 f1b5 b7b5 f3d5 b5e2 a1a7 e8f8 d5b3 g7e5 b3d5 e5b8
stdOut> info depth 12 seldepth 20 multipv 3 score cp -788 nodes 93441 nps 3893375 tbhits 0 time 24 pv a1c1 d5c3 c5d7 b6d8 d7c5 d8e7 b2c3 d4c3 c5b7 e7b7 a4b5 a6b5 f3d3 c6c5 d3b5 b7b5 f1b5 e8b8 b5d3 b4b3
stdOut> info depth 12 seldepth 21 multipv 4 score cp -790 nodes 93441 nps 3893375 tbhits 0 time 24 pv a4b5 b6c5 b5a6 b7a8 f3b3 d5c3 f1c4 c5e7 b3c2 e8d8 c4b3 d4d3 c2d2 c6c5 b3c4
stdOut> info depth 13 seldepth 27 multipv 1 score cp -726 nodes 122192 nps 4213517 tbhits 0 time 29 pv c5d7 b6c7 d7c5 c7e7 c5b7 e7b7 a4b5 a6b5 g2g4 c6c5 f1b5 b7b5 f3d5 b5e2 b2c1 c5c4
stdOut> info depth 13 seldepth 18 multipv 2 score cp -733 nodes 122192 nps 4213517 tbhits 0 time 29 pv a4b5 b6c5 b5a6 b7a8 f3d3 d5c3 d3c4 c5b6 a6a7 c6c5 b2c3 d4c3
stdOut> info depth 13 seldepth 21 multipv 3 score cp -747 nodes 122192 nps 4213517 tbhits 0 time 29 pv c5b7 b6b7 a4b5 a6b5 g2g4 c6c5 f1b5 b7b5 f3d5 b5e2 b2c1 c5c4 a1a8 c4c3 c1g5 e8f8 g1g2 h7h6
stdOut> info depth 13 seldepth 20 multipv 4 score cp -788 nodes 122192 nps 4213517 tbhits 0 time 29 pv a1c1 d5c3 c5d7 b6d8 d7c5 d8e7 b2c3 d4c3 c5b7 e7b7 a4b5 a6b5 f3d3 c6c5 d3b5 b7b5 f1b5 e8b8 b5d3 b4b3
stdOut> info depth 14 seldepth 21 multipv 1 score cp -674 nodes 205460 nps 4280416 tbhits 0 time 48 pv c5b7 b6b7 a4b5 a6b5 g2g4 c6c5 f1b5 b7b5 f3d5 b5e2 b2c1 c5c4 a1a8 c4c3 a8e8 e2e8 g1f1
stdOut> info depth 14 seldepth 30 multipv 2 score cp -684 nodes 205460 nps 4280416 tbhits 0 time 48 pv c5d7 b6a7 a4b5 b7a8 f1c4 a7d7 c4d5 d7d5 f3d5 c6d5 b5a6 d4d3 b2g7 g8g7
stdOut> info depth 14 seldepth 23 multipv 3 score cp -714 nodes 205460 nps 4280416 tbhits 0 time 48 pv a1c1 d5c3 c5d7 b6d8 d7c5 d8e7 b2c3 d4c3 c5b7 e7b7 a4b5 a6b5 f3d3 b7b6 d3b1
stdOut> info depth 14 seldepth 24 multipv 4 score cp -781 nodes 205460 nps 4280416 tbhits 0 time 48 pv a4b5 b6c5 b5a6 b7a8 f3d3 d5c3 d3c4 c5b6 c4d3 c6c5 a6a7 b6c7 h3h4 c7e7 h4h5 g6h5 d3f5 c3e2 f1e2
stdOut> info depth 15 seldepth 29 multipv 1 score cp -662 nodes 343264 nps 4135710 tbhits 0 time 83 pv c5d7 b6a7 a4b5 b7a8 f3g4 f7f5 g4d1 a7d7 b5a6 c6c5 d1b3 d7d6 b3a2 a8c6 a2c4 g8f8 a6a7
stdOut> info depth 15 seldepth 20 multipv 2 score cp -680 nodes 343264 nps 4135710 tbhits 0 time 83 pv c5b7 b6b7 a4b5 a6b5 g2g4 c6c5 f1b5 b7b5 f3d5 b5e2 b2c1 c5c4 a1a8 c4c3 a8e8 e2e8 g1f1 d4d3 c1e3 d3d2
stdOut> info depth 15 seldepth 25 multipv 3 score cp -766 nodes 343264 nps 4135710 tbhits 0 time 83 pv a4b5 b6c5 b5a6 b7a8 f3d3 c5a7 d3d2 c6c5 f1b5 e8d8 d2d3 a7e7 d3d2 e7c7 d2d3 d5c3 a6a7 b4b3 b2c3 d4c3
stdOut> info depth 15 seldepth 26 multipv 4 score cp -789 nodes 343264 nps 4135710 tbhits 0 time 83 pv a1c1 d5c3 c5d7 b6d8 d7c5 d8e7 b2c3 d4c3 c5b7 e7b7 a4b5 a6b5 f3d3 c6c5 d3b5 b7b5 f1b5 e8b8 b5d3 b4b3 g1f1 c5c4 d3e4 b8d8
stdOut> info depth 16 seldepth 25 multipv 1 score cp -672 nodes 787960 nps 4103958 tbhits 0 time 192 pv c5b7 b6b7 a4b5 a6b5 g2g4 c6c5 f1b5 b7b5 f3d5 b5e2 b2c1 c5c4 a1a8 c4c3 g1g2 b4b3 a8e8 e2e8 d5b3 e8e4 g2g3 g7e5 f2f4 e4e1 g3g2 e1e2 g2g1
stdOut> info depth 16 seldepth 29 multipv 2 score cp -733 nodes 787960 nps 4103958 tbhits 0 time 192 pv c5d7 b6a7 a4b5 b7a8 f3g4 f7f5 g4d1 a7d7 b5a6 c6c5 d1d3 g8f8 d3c4 d7c7 c4b5 d5c3 b5a5 c7e7 f1c4 a8d5 b2c3 d5c4
stdOut> info depth 16 seldepth 23 multipv 3 score cp -740 nodes 787960 nps 4103958 tbhits 0 time 192 pv a1c1 d5c3 c5d7 b6d8 d7c5 d8e7 b2c3 d4c3 c5b7 e7b7 a4b5 a6b5 f3d3 b7b6 d3b1 c6c5 c1c2 g7d4 g1h1 e8d8 b1b3 d8a8 f2f3
stdOut> info depth 16 seldepth 24 multipv 4 score cp -788 nodes 787960 nps 4103958 tbhits 0 time 192 pv a4b5 b6c5 b5a6 b7a8 f3d3 c5a7 d3d2 c6c5 a1e1 e8e1 d2e1 a8c6 g2g3 d5c3 f1g2 a7a6 g2c6 a6c6 b2c3
stdOut> info depth 17 seldepth 28 multipv 1 score cp -711 nodes 1640908 nps 3973142 tbhits 0 time 413 pv c5b7 b6b7 a4b5 a6b5 g2g4 e8d8 b2c1 d5c3 h3h4 b7d7 a1a6 c6c5 a6b6 c5c4 c1g5 d8e8 b6b7 d7e6 g5c1 b4b3 h4h5 d4d3 c1d2 c3e2 f1e2
stdOut> info depth 17 seldepth 31 multipv 2 score cp -726 nodes 1640908 nps 3973142 tbhits 0 time 413 pv c5d7 b6a7 a4b5 b7a8 f3g4 f7f5 g4d1 a7d7 b5c6 a8c6 b2d4 g7d4 d1d4 c6b5 f1b5 d7b5 a1a6 d5c3 d4d6 b4b3 a6b6
stdOut> info depth 17 seldepth 29 multipv 3 score cp -788 nodes 1640908 nps 3973142 tbhits 0 time 413 pv a1c1 d5c3 c5b7 b6b7 a4b5 a6b5 h3h4 b7b6 f3d3 c6c5 b2c3 d4c3 d3b5 b6b5 f1b5 e8b8 b5c4 b4b3 c4f7 g8f7 f2f3 c5c4
stdOut> info depth 17 seldepth 24 multipv 4 score cp -792 nodes 1640908 nps 3973142 tbhits 0 time 413 pv a4b5 b6c5 b5a6 b7a8 f3d3 c5a7 d3c4 d5c3 b2c3 b4c3 c4d3 c6c5 d3c4 a7c7 c4b5 e8d8 b5d3 a8d5 a1c1 c5c4
stdOut> info depth 18 seldepth 35 multipv 1 score cp -710 nodes 3117588 nps 4091322 tbhits 0 time 762 pv c5b7 b6b7 a4b5 a6b5 g2g4 e8d8 b2c1 d5c3 g1h2 b7d7 c1g5 d8e8 f1g2 b4b3 f3c6 d7c6 g2c6 b3b2 a1f1 e8e2 c6g2 g7e5 h2g1 b2b1q
stdOut> info depth 18 seldepth 31 multipv 2 score cp -746 nodes 3117588 nps 4091322 tbhits 0 time 762 pv c5d7 b6a7 a4b5 b7a8 f3g4 f7f5 g4g3 a7d7 b5a6 c6c5 a1a5 g7f8 g3b3 e8e1 b3c4 d7c7 a5a1 e1a1 b2a1 g8g7 c4a2 d5f4 a2c4 a8d5 c4b5
stdOut> info depth 18 seldepth 32 multipv 3 score cp -761 nodes 3117588 nps 4091322 tbhits 0 time 762 pv a1c1 d5c3 c5b7 b6b7 a4b5 a6b5 g2g3 b7b6 c1a1 c6c5 a1a8 e8f8 a8f8 g7f8 f3a8 c5c4 b2c1 b6d6 c1f4 d6d5 a8c8 b4b3 f1g2 b3b2
stdOut> info depth 18 seldepth 31 multipv 4 score cp -792 nodes 3117588 nps 4091322 tbhits 0 time 762 pv a4b5 b6c5 b5a6 b7a8 f3d3 c5a7 d3d2 c6c5 f1b5 e8d8 a1c1 a7e7 b5f1 d5c3 c1e1 e7c7 d2g5 c5c4 e1e7 c7c6
userStdOut> chesscom movelist "e2e4 e7e5 g1f3 b8c6 f1b5 a7a6 b5a4 g8f6 e1g1 f8e7 f1e1 b7b5 a4b3 d7d6 c2c3 e8g8 h2h3 c8b7 d2d4 f8e8 b1d2 e7f8 b3c2 c6b8 a2a4 b8d7 c2d3 c7c6 b2b4 g7g6 c1b2 f8g7 c3c4 e5d4 c4c5 d6c5 d3f1 c5b4 e4e5 f6d5 d2e4 d7e5 e4c5 e5f3 d1f3 d8b6 e1e8 a8e8 c5b7 "
userStdOut> stop
instruction> stop
stdOut> info depth 19 seldepth 30 multipv 1 score cp -755 nodes 5632802 nps 4141766 hashfull 79 tbhits 0 time 1360 pv c5b7 b6b7 a4b5 a6b5 g2g4 e8d8 b2c1 d5c3 c1f4 b4b3 f4c1 b7d7 a1a3 c6c5 a3b3 c5c4 b3a3 b5b4 a3a8 d4d3 c1g5 d8e8 a8e8 d7e8 g5d2 e8d8 d2c3 b4c3 h3h4
stdOut> info depth 19 seldepth 29 multipv 2 score cp -770 nodes 5632802 nps 4141766 hashfull 79 tbhits 0 time 1360 pv c5d7 b6a7 a4b5 b7a8 f3g4 f7f5 g4d1 a7d7 b2d4 g7d4 d1d4 a6b5 g2g3 d7g7 d4g7 g8g7 a1a2 d5c3 a2b2 c6c5 f1g2 e8e1 g1h2 a8g2 h2g2
stdOut> info depth 19 seldepth 30 multipv 3 score cp -799 upperbound nodes 5632802 nps 4141766 hashfull 79 tbhits 0 time 1360 pv a1c1 d5c3
stdOut> info depth 18 seldepth 31 multipv 4 score cp -792 nodes 5632802 nps 4141766 hashfull 79 tbhits 0 time 1360 pv a4b5 b6c5 b5a6 b7a8 f3d3 c5a7 d3d2 c6c5 f1b5 e8d8 a1c1 a7e7 b5f1 d5c3 c1e1 e7c7 d2g5 c5c4 e1e7 c7c6
stdOut> bestmove c5b7 ponder b6b7
userStdOut> isready
instruction> isready
stdOut> readyok
userStdOut> position startpos moves e2e4 e7e5 g1f3 b8c6 f1b5 a7a6 b5a4 g8f6 e1g1 f8e7 f1e1 b7b5 a4b3 d7d6 c2c3 e8g8 h2h3 c8b7 d2d4 f8e8 b1d2 e7f8 b3c2 c6b8 a2a4 b8d7 c2d3 c7c6 b2b4 g7g6 c1b2 f8g7 c3c4 e5d4 c4c5 d6c5 d3f1 c5b4 e4e5 f6d5 d2e4 d7e5 e4c5 e5f3 d1f3 d8b6 e1e8 a8e8 c5b7 
instruction> position startpos moves e2e4 e7e5 g1f3 b8c6 f1b5 a7a6 b5a4 g8f6 e1g1 f8e7 f1e1 b7b5 a4b3 d7d6 c2c3 e8g8 h2h3 c8b7 d2d4 f8e8 b1d2 e7f8 b3c2 c6b8 a2a4 b8d7 c2d3 c7c6 b2b4 g7g6 c1b2 f8g7 c3c4 e5d4 c4c5 d6c5 d3f1 c5b4 e4e5 f6d5 d2e4 d7e5 e4c5 e5f3 d1f3 d8b6 e1e8 a8e8 c5b7 
userStdOut> isready
instruction> isready
stdOut> readyok
userStdOut> go infinite
instruction> go infinite
stdOut> info depth 1 seldepth 1 multipv 1 score cp 760 nodes 540 nps 540000 tbhits 0 time 1 pv b6b7
stdOut> info depth 1 seldepth 1 multipv 2 score cp 310 nodes 540 nps 540000 tbhits 0 time 1 pv d4d3
stdOut> info depth 1 seldepth 1 multipv 3 score cp 244 nodes 540 nps 540000 tbhits 0 time 1 pv a6a5
stdOut> info depth 1 seldepth 1 multipv 4 score cp 198 nodes 540 nps 540000 tbhits 0 time 1 pv b4b3
stdOut> info depth 2 seldepth 2 multipv 1 score cp 760 nodes 1149 nps 1149000 tbhits 0 time 1 pv b6b7 a4b5
stdOut> info depth 2 seldepth 2 multipv 2 score cp 332 nodes 1149 nps 1149000 tbhits 0 time 1 pv d4d3 b2g7
stdOut> info depth 2 seldepth 2 multipv 3 score cp 198 nodes 1149 nps 1149000 tbhits 0 time 1 pv b4b3 a4b5
stdOut> info depth 2 seldepth 2 multipv 4 score cp 193 nodes 1149 nps 1149000 tbhits 0 time 1 pv e8e7 a4b5
stdOut> info depth 3 seldepth 3 multipv 1 score cp 760 nodes 1897 nps 948500 tbhits 0 time 2 pv b6b7 a4b5 a6b5
stdOut> info depth 3 seldepth 3 multipv 2 score cp 332 nodes 1897 nps 948500 tbhits 0 time 2 pv d4d3 b2g7 g8g7
stdOut> info depth 3 seldepth 3 multipv 3 score cp 198 nodes 1897 nps 948500 tbhits 0 time 2 pv b4b3 a4b5 b6b7
stdOut> info depth 3 seldepth 3 multipv 4 score cp 185 nodes 1897 nps 948500 tbhits 0 time 2 pv e8e6 a4b5 b6b7
stdOut> info depth 4 seldepth 4 multipv 1 score cp 760 nodes 3046 nps 1523000 tbhits 0 time 2 pv b6b7 a4b5 a6b5 g2g4
stdOut> info depth 4 seldepth 5 multipv 2 score cp 348 nodes 3046 nps 1523000 tbhits 0 time 2 pv g7e5 a4b5 a6b5
stdOut> info depth 4 seldepth 5 multipv 3 score cp 293 nodes 3046 nps 1523000 tbhits 0 time 2 pv e8b8 a4b5 a6b5
stdOut> info depth 4 seldepth 5 multipv 4 score cp 198 nodes 3046 nps 1523000 tbhits 0 time 2 pv b4b3 a4b5 b6b7 b5a6
stdOut> info depth 5 seldepth 5 multipv 1 score cp 760 nodes 4119 nps 2059500 tbhits 0 time 2 pv b6b7 a4b5 a6b5 g2g4 d5c3
stdOut> info depth 5 seldepth 5 multipv 2 score cp 510 nodes 4119 nps 2059500 tbhits 0 time 2 pv g7e5 g2g3
stdOut> info depth 5 seldepth 6 multipv 3 score cp 231 nodes 4119 nps 2059500 tbhits 0 time 2 pv b4b3 a4b5 b6b7 b5c6 b7c6
stdOut> info depth 5 seldepth 6 multipv 4 score cp 185 nodes 4119 nps 2059500 tbhits 0 time 2 pv e8e6 a4b5
stdOut> info depth 6 seldepth 6 multipv 1 score cp 760 nodes 6337 nps 2112333 tbhits 0 time 3 pv b6b7 a4b5 a6b5 g2g4 d5c3 f1g2
stdOut> info depth 6 seldepth 6 multipv 2 score cp 432 nodes 6337 nps 2112333 tbhits 0 time 3 pv g7e5 f3d3 b6b7 a4b5 c6b5 b2d4
stdOut> info depth 6 seldepth 6 multipv 3 score cp 361 nodes 6337 nps 2112333 tbhits 0 time 3 pv g7f8 a4b5 a6b5
stdOut> info depth 6 seldepth 6 multipv 4 score cp 231 nodes 6337 nps 2112333 tbhits 0 time 3 pv b4b3 a4b5 b6b7 b5c6 b7c6 f3b3
stdOut> info depth 7 seldepth 9 multipv 1 score cp 760 nodes 9703 nps 3234333 tbhits 0 time 3 pv b6b7 a4b5 a6b5 g2g4 d5c3 f1g2 e8d8 f3c6 b7c6
stdOut> info depth 7 seldepth 12 multipv 2 score cp 469 nodes 9703 nps 3234333 tbhits 0 time 3 pv g7e5 f3d3 b6b7 a4b5 b7b5
stdOut> info depth 7 seldepth 7 multipv 3 score cp 277 nodes 9703 nps 3234333 tbhits 0 time 3 pv g7f8 f3d3 c6c5 a4b5 b6b7 b5a6 b7c7
stdOut> info depth 7 seldepth 8 multipv 4 score cp 221 nodes 9703 nps 3234333 tbhits 0 time 3 pv e8e7 a4b5 b6b7 b5a6 b7b6 f1c4
stdOut> info depth 8 seldepth 13 multipv 1 score cp 760 nodes 12934 nps 3233500 tbhits 0 time 4 pv b6b7 a4b5 a6b5 g2g4 d5c3 f1g2 e8d8 f3c6 b7c6 g2c6 d4d3 g1f1 d3d2
stdOut> info depth 8 seldepth 10 multipv 2 score cp 448 nodes 12934 nps 3233500 tbhits 0 time 4 pv g7e5 f3d3 b6b7 b2d4 e5d4 d3d4 b4b3 a4b5 a6b5
stdOut> info depth 8 seldepth 11 multipv 3 score cp 437 nodes 12934 nps 3233500 tbhits 0 time 4 pv g7f8 a4b5 a6b5 a1c1 b6b7
stdOut> info depth 8 seldepth 12 multipv 4 score cp 234 nodes 12934 nps 3233500 tbhits 0 time 4 pv e8e6 a4b5 b6b7 b5a6 b7e7 f1c4 e6e1 a1e1
stdOut> info depth 9 seldepth 19 multipv 1 score cp 606 nodes 30044 nps 3004400 tbhits 0 time 10 pv b6b7 a4b5 a6b5 g2g4 d5c3 f1g2 b4b3 g1f1 b7e7 f3c6
stdOut> info depth 9 seldepth 12 multipv 2 score cp 469 nodes 30044 nps 3004400 tbhits 0 time 10 pv g7e5 f3d3 b6b7 a4b5 b7b5 a1a6 b5d3 f1d3 c6c5
stdOut> info depth 9 seldepth 13 multipv 3 score cp 230 nodes 30044 nps 3004400 tbhits 0 time 10 pv e8e6 a4b5 b6b7 b5a6 b7a7 f1d3 a7e7 d3c4 e6e1 a1e1 e7e1 c4f1 g7e5
stdOut> info depth 9 seldepth 12 multipv 4 score cp 212 nodes 30044 nps 3004400 tbhits 0 time 10 pv e8e7 b7d6 b6d8 a4b5 a6b5 g2g4 d8d6 a1a8 g7f8 b2d4 c6c5
stdOut> info depth 10 seldepth 13 multipv 1 score cp 596 nodes 76610 nps 3192083 tbhits 0 time 24 pv b6b7 a4b5 a6b5 g2g4 e8d8 h3h4 c6c5 h4h5 c5c4 h5h6 g7h8
stdOut> info depth 10 seldepth 14 multipv 2 score cp 306 nodes 76610 nps 3192083 tbhits 0 time 24 pv g7e5 a4b5 b6b7 b5c6 b7c6 a1a6 c6c5 a6a1 g8g7 a1a6
stdOut> info depth 10 seldepth 15 multipv 3 score cp 246 nodes 76610 nps 3192083 tbhits 0 time 24 pv e8e6 a4b5 b6b7 b5a6 b7a7 f1c4 e6e5 c4f1 e5f5 f3d3 c6c5
stdOut> info depth 10 seldepth 15 multipv 4 score cp 235 nodes 76610 nps 3192083 tbhits 0 time 24 pv e8f8 a4b5 b6b7 b5a6 b7c7 a6a7 f8a8 f3e4 d5c3
stdOut> info depth 11 seldepth 17 multipv 1 score cp 738 nodes 124903 nps 3122575 tbhits 0 time 40 pv b6b7 a4b5 a6b5 g2g4 e8d8 h3h4 c6c5 h4h5 c5c4 h5h6 g7h8 a1e1 c4c3
stdOut> info depth 11 seldepth 19 multipv 2 score cp 253 nodes 124903 nps 3122575 tbhits 0 time 40 pv g7e5 a4b5 b6b7 b5a6 b7c7 f1c4 d5b6 f3d3 b6c4 d3c4 c6c5
stdOut> info depth 11 seldepth 15 multipv 3 score cp 230 nodes 124903 nps 3122575 tbhits 0 time 40 pv e8f8 b7a5 b6a5 a4b5 a5d8 b5a6 d8c7 f3g3 c7g3 f2g3 c6c5 a6a7 f8a8
stdOut> info depth 11 seldepth 18 multipv 4 score cp 200 nodes 124903 nps 3122575 tbhits 0 time 40 pv e8e6 a4b5 b6b7 b5a6 b7a7 f1c4 e6e5 f3g4 e5e8 h3h4 e8d8 c4d5 c6d5 h4h5 b4b3 h5g6
stdOut> info depth 12 seldepth 17 multipv 1 score cp 738 nodes 232455 nps 3320785 tbhits 0 time 70 pv b6b7 a4b5 a6b5 g2g4 e8d8 h3h4 c6c5 h4h5 c5c4 h5h6 g7h8 a1e1 c4c3 b2c1 b4b3 f3e2 b7d7
stdOut> info depth 12 seldepth 22 multipv 2 score cp 220 nodes 232455 nps 3320785 tbhits 0 time 70 pv g7e5 b7a5 b6a5 a4b5 a5d8 b5c6 a6a5 f1c4 d5f4 f3g4 d8c7 g4d7 e8d8 d7c7 e5c7 g2g3
stdOut> info depth 12 seldepth 17 multipv 3 score cp 219 nodes 232455 nps 3320785 tbhits 0 time 70 pv e8e6 a4b5 b6b7 b5a6 b7a7 a1c1 d4d3 b2g7 d3d2 c1c6 e6c6 f3d5 g8g7 d5d2 a7b6 d2b2 f7f6
stdOut> info depth 12 seldepth 20 multipv 4 score cp 203 nodes 232455 nps 3320785 tbhits 0 time 70 pv e8e7 b7d6 b6c5 a4b5 c5d6 b5c6 d6c6 a1a6 c6c5 a6a8 g7f8 a8d8 d5c3
stdOut> info depth 13 seldepth 21 multipv 1 score cp 751 nodes 355883 nps 3421951 tbhits 0 time 104 pv b6b7 a4b5 a6b5 g2g4 e8d8 h3h4 c6c5 h4h5 c5c4 h5h6 g7h8 a1e1 b7c6 b2c1 b4b3 c1g5 f7f6 g5c1
stdOut> info depth 13 seldepth 20 multipv 2 score cp 251 nodes 355883 nps 3421951 tbhits 0 time 104 pv g7e5 b7a5 b6a5 a4b5 a5d8 b5a6 d8c7 g2g3 d4d3 b2e5 c7e5 a1d1 b4b3
stdOut> info depth 13 seldepth 16 multipv 3 score cp 176 nodes 355883 nps 3421951 tbhits 0 time 104 pv d5c3 b7d6 e8f8 a4b5 a6b5 a1e1 c6c5 b2c3 b6d6 c3b4 c5b4 f1b5 d6c5
stdOut> info depth 13 seldepth 21 multipv 4 score cp 159 nodes 355883 nps 3421951 tbhits 0 time 104 pv b6c7 b7c5 c7b6 c5e4 c6c5 a4b5 a6b5 e4g5 d5f6 a1a8 e8a8 f3a8 g7f8 g5f3 f6d7
stdOut> info depth 14 seldepth 22 multipv 1 score cp 751 nodes 674240 nps 3493471 tbhits 0 time 193 pv b6b7 a4b5 a6b5 g2g4 e8d8 h3h4 c6c5 h4h5 c5c4 h5h6 g7h8 a1e1 b7c6 b2c1 b4b3 c1g5 f7f6 g5c1 c6c5
stdOut> info depth 14 seldepth 24 multipv 2 score cp 343 nodes 674240 nps 3493471 tbhits 0 time 193 pv d5c3 a4b5 c6b5 g2g3 c3a4 a1b1 a4b2 b1b2 e8e7 f1g2 d4d3 b2b4 d3d2
stdOut> info depth 14 seldepth 23 multipv 3 score cp 184 nodes 674240 nps 3493471 tbhits 0 time 193 pv e8e6 a4b5 b6b7 b5a6 b7a7 f1c4 e6d6 c4b3 d5c3 b3c4 d6d8 b2c1 d8e8 c1b2 c6c5 f3c6
stdOut> info depth 14 seldepth 22 multipv 4 score cp 144 nodes 674240 nps 3493471 tbhits 0 time 193 pv g7e5 b7a5 b6a5 a4b5 a5d8 b5a6 d8e7 f1c4 d5b6 c4b3 c6c5 a6a7 c5c4 b3c4 b6c4 a7a8q e8a8 a1a8 g8g7 f3b3 c4b2 b3b2 d4d3
stdOut> info depth 15 seldepth 21 multipv 1 score cp 774 nodes 891696 nps 3429600 tbhits 0 time 260 pv b6b7 a4b5 a6b5 g2g4 e8d8 a1b1 c6c5 b2c1 b7e7 c1d2 c5c4 h3h4 d5c3 d2g5 f7f6
stdOut> info depth 15 seldepth 26 multipv 2 score cp 288 nodes 891696 nps 3429600 tbhits 0 time 260 pv d5c3 b7d6 e8f8 a4b5 c6b5 d6e4 a6a5 f1d3 a5a4 g2g3 a4a3 b2a3 b4a3 e4c3 d4c3 a1a3
stdOut> info depth 15 seldepth 21 multipv 3 score cp 284 nodes 891696 nps 3429600 tbhits 0 time 260 pv e8f8 a4b5 a6b5 b7a5 f8d8 f3d3 c6c5 d3b5 d4d3 b5b6 d5b6 b2g7 g8g7
stdOut> info depth 15 seldepth 21 multipv 4 score cp 188 nodes 891696 nps 3429600 tbhits 0 time 260 pv g7e5 a4b5 b6b7 b5a6 b7e7 f1c4 d5b6 c4b3 e7f6 a6a7 f6f3 g2f3 c6c5 a1a5 c5c4 b3c4 b6c4
stdOut> info depth 16 seldepth 27 multipv 1 score cp 742 nodes 1588736 nps 3586311 tbhits 0 time 443 pv b6b7 a4b5 a6b5 g2g4 e8d8 b2c1 d5c3 g1h2 b7d7 c1g5 d8e8 f1g2 b4b3 f3c6 d7c6 g2c6 b3b2 a1h1 e8e2 h2g2 d4d3 g5f6 b2b1q
stdOut> info depth 16 seldepth 21 multipv 2 score cp 294 nodes 1588736 nps 3586311 tbhits 0 time 443 pv d5c3 b7d6 e8f8 a4b5 c6b5 d6e4 a6a5 f1d3 a5a4 g2g3 a4a3 b2a3 b4a3 a1a3 f8c8 d3f1 b6e6 e4g5 e6d7 a3a6
stdOut> info depth 16 seldepth 26 multipv 3 score cp 203 nodes 1588736 nps 3586311 tbhits 0 time 443 pv e8f8 a4b5 a6b5 b7a5 f8d8 g2g3 c6c5 f1d3 f7f5 h3h4 h7h6 h4h5 c5c4 h5g6 c4d3 f3f5 d3d2
stdOut> info depth 16 seldepth 28 multipv 4 score cp 184 nodes 1588736 nps 3586311 tbhits 0 time 443 pv e8e6 a4b5 b6b7 b5a6 b7a7 f1c4 e6e5 f3b3 h7h5 g2g3 e5f5 c4d5 f5d5 b3b4 d5b5 b4d2 c6c5
stdOut> info depth 17 seldepth 30 multipv 1 score cp 733 nodes 2713519 nps 3732488 tbhits 0 time 727 pv b6b7 a4b5 a6b5 g2g4 e8d8 b2c1 d5c3 c1f4 b4b3 f4c1 b7e7 a1a3 d4d3 f1d3 d8d3 f3d3 c3e2 g1g2 e2c1 a3a8 g7f8 d3d8 e7d8 a8d8 c6c5 d8f8 g8f8
stdOut> info depth 17 seldepth 27 multipv 2 score cp 287 nodes 2713519 nps 3732488 tbhits 0 time 727 pv d5c3 b7d6 e8f8 a4b5 c6b5 d6e4 a6a5 h3h4 a5a4 h4h5 a4a3 b2a3 b4a3 a1a3 b6c6 e4d2 c6e6 a3a8 g7h6 a8f8 h6f8 f3d3
stdOut> info depth 17 seldepth 29 multipv 3 score cp 166 nodes 2713519 nps 3732488 tbhits 0 time 727 pv e8f8 a4b5 a6b5 b7a5 f8d8 h3h4 c6c5 h4h5 f7f5 f3d3 d8b8 d3f3 b6d6 a5b3 d5b6 a1a7 c5c4 h5h6 g7f6 b3d2 c4c3 f1b5 c3b2
stdOut> info depth 17 seldepth 28 multipv 4 score cp 159 nodes 2713519 nps 3732488 tbhits 0 time 727 pv g7f8 a4b5 a6b5 b7a5 e8e6 a5b3 d5c3 a1a8 e6e1 a8c8 b6a6 b2c3 d4c3 f3c6 a6c6 c8c6 g8g7 b3d4 e1d1 d4b5
stdOut> info depth 18 seldepth 21 multipv 1 score cp 765 nodes 4002959 nps 3797873 hashfull 51 tbhits 0 time 1054 pv b6b7 a4b5 a6b5 g2g4 e8d8 b2c1 d5c3 c1f4 b4b3 f1d3 b7e7 f3c6 b3b2 a1f1 b2b1q f1b1 c3b1 c6b6 b1c3 g1g2 e7d7
stdOut> info depth 18 seldepth 29 multipv 2 score cp 245 nodes 4002959 nps 3797873 hashfull 51 tbhits 0 time 1054 pv d5c3 b7d6 e8f8 a4b5 c6b5 d6e4 a6a5 a1e1 a5a4 b2c1 c3e4 f3e4 b4b3 e4d5 d4d3 f1d3 b5b4 c1e3 b6e6 d5c5 g7c3 e1b1 f8e8 c5c4 e6c4
stdOut> info depth 18 seldepth 28 multipv 3 score cp 211 nodes 4002959 nps 3797873 hashfull 51 tbhits 0 time 1054 pv g7e5 b7a5 b6a5 a4b5 a5d8 b5a6 d8d6 f3b3 e8a8 f1c4 g8g7 a6a7 d6c5 c4d5 c6d5 a1c1 c5a7 b3d5
stdOut> info depth 18 seldepth 32 multipv 4 score cp 202 nodes 4002959 nps 3797873 hashfull 51 tbhits 0 time 1054 pv e8f8 b7a5 f8d8 f1d3 c6c5 d3e4 d5e7 a4b5 a6b5 e4d3 d8c8 f3e2 e7d5 d3b5 d5c3 b2c3 b4c3 b5c4 c8a8 a5b3 a8a1 b3a1
stdOut> info depth 19 seldepth 33 multipv 1 score cp 775 nodes 6168685 nps 3833862 hashfull 84 tbhits 0 time 1609 pv b6b7 a4b5 a6b5 g2g4 e8d8 a1e1 c6c5 b2c1 c5c4 c1g5 f7f6 g5d2 b7b6 e1b1 b4b3 b1b3 c4b3 f3b3 b6c5 h3h4 b5b4 f1g2 g7f8 g2e4 g8g7 h4h5
stdOut> info depth 19 seldepth 35 multipv 2 score cp 276 nodes 6168685 nps 3833862 hashfull 84 tbhits 0 time 1609 pv d5c3 b7d6 e8f8 a4b5 c6b5 f3f4 c3d5 f4g3 f8d8 d6e4 a6a5 a1e1 a5a4 g3f3 b4b3 e4g5 b6f6 f3f6 g7f6 f1b5
stdOut> info depth 19 seldepth 31 multipv 3 score cp 185 nodes 6168685 nps 3833862 hashfull 84 tbhits 0 time 1609 pv g7e5 a4b5 a6b5 b7a5 e8d8 g2g3 e5g7 f3d3 h7h5 h3h4 d5c3 d3f3 d8c8 f1g2 c6c5 a5c6 c8e8 a1a7 f7f5 b2c3 d4c3
stdOut> info depth 19 seldepth 33 multipv 4 score cp 133 nodes 6168685 nps 3833862 hashfull 84 tbhits 0 time 1609 pv e8f8 b7a5 f8d8 a4b5 a6b5 h3h4 h7h5 f1d3 c6c5 b2c1 g7f6 g2g3 g8g7 c1g5 f6g5 h4g5 c5c4 d3e4 d5e7 a5c6 e7c6 f3f6 g7g8 e4c6
stdOut> info depth 20 seldepth 34 multipv 1 score cp 760 nodes 9079214 nps 3838991 hashfull 129 tbhits 0 time 2365 pv b6b7 a4b5 a6b5 g2g4 d5c3 f1g2 e8d8 f3c6 b7c6 g2c6 d4d3 g1f1 d3d2 c6f3 d2d1r f3d1 d8d1 a1d1 c3d1 b2g7 g8g7 f1e2 d1f2 e2d2 f2h3 d2c2 h3f2 c2b3 f2d3 g4g5 g7f8 b3c2 d3e5
stdOut> info depth 20 seldepth 32 multipv 2 score cp 262 nodes 9079214 nps 3838991 hashfull 129 tbhits 0 time 2365 pv d5c3 b7d6 e8f8 a4b5 c6b5 f3f4 c3d5 f4g3 f8d8 d6e4 a6a5 g3f3 a5a4 f1d3 d5c3 h3h4 b4b3 e4g5 b6f6 f3b7 h7h6 g5h3 f6h4 d3b5
stdOut> info depth 20 seldepth 23 multipv 3 score cp 147 nodes 9079214 nps 3838991 hashfull 129 tbhits 0 time 2365 pv g7f8 a4b5 a6b5 b7a5 e8d8 f3d3 d5c7 d3f3 c6c5 a5c6
stdOut> info depth 20 seldepth 33 multipv 4 score cp 139 nodes 9079214 nps 3838991 hashfull 129 tbhits 0 time 2365 pv e8f8 b7a5 f8d8 a4b5 a6b5 h3h4 c6c5 h4h5 b4b3 f1d3 f7f5 a5b3 d5b4 b3c5 b6c5 a1c1 c5e5 h5g6 h7g6 d3b1
userStdOut> chesscom movelist "e2e4 e7e5 g1f3 b8c6 f1b5 a7a6 b5a4 g8f6 e1g1 f8e7 f1e1 b7b5 a4b3 d7d6 c2c3 e8g8 h2h3 c8b7 d2d4 f8e8 b1d2 e7f8 b3c2 c6b8 a2a4 b8d7 c2d3 c7c6 b2b4 g7g6 c1b2 f8g7 c3c4 e5d4 c4c5 d6c5 d3f1 c5b4 e4e5 f6d5 d2e4 d7e5 e4c5 e5f3 d1f3 d8b6 e1e8 a8e8 c5b7 b6b7 "
userStdOut> stop
instruction> stop
stdOut> info depth 21 seldepth 35 multipv 1 score cp 770 nodes 11101370 nps 3889758 hashfull 164 tbhits 0 time 2854 pv b6b7 a4b5 a6b5 g2g3 d5c3 g1g2 b7b6 b2c1 c6c5 a1a8 b6e6 f3b7 c5c4 a8b8 e8f8 c1d2 b4b3 d2c3 d4c3 b7b5 f8b8 b5b8 g7f8
stdOut> info depth 20 seldepth 32 multipv 2 score cp 262 nodes 11101370 nps 3889758 hashfull 164 tbhits 0 time 2854 pv d5c3 b7d6 e8f8 a4b5 c6b5 f3f4 c3d5 f4g3 f8d8 d6e4 a6a5 g3f3 a5a4 f1d3 d5c3 h3h4 b4b3 e4g5 b6f6 f3b7 h7h6 g5h3 f6h4 d3b5
stdOut> info depth 20 seldepth 23 multipv 3 score cp 147 nodes 11101370 nps 3889758 hashfull 164 tbhits 0 time 2854 pv g7f8 a4b5 a6b5 b7a5 e8d8 f3d3 d5c7 d3f3 c6c5 a5c6
stdOut> info depth 20 seldepth 33 multipv 4 score cp 139 nodes 11101370 nps 3889758 hashfull 164 tbhits 0 time 2854 pv e8f8 b7a5 f8d8 a4b5 a6b5 h3h4 c6c5 h4h5 b4b3 f1d3 f7f5 a5b3 d5b4 b3c5 b6c5 a1c1 c5e5 h5g6 h7g6 d3b1
stdOut> bestmove b6b7 ponder a4b5
userStdOut> isready
instruction> isready
stdOut> readyok
userStdOut> position startpos moves e2e4 e7e5 g1f3 b8c6 f1b5 a7a6 b5a4 g8f6 e1g1 f8e7 f1e1 b7b5 a4b3 d7d6 c2c3 e8g8 h2h3 c8b7 d2d4 f8e8 b1d2 e7f8 b3c2 c6b8 a2a4 b8d7 c2d3 c7c6 b2b4 g7g6 c1b2 f8g7 c3c4 e5d4 c4c5 d6c5 d3f1 c5b4 e4e5 f6d5 d2e4 d7e5 e4c5 e5f3 d1f3 d8b6 e1e8 a8e8 c5b7 b6b7 
instruction> position startpos moves e2e4 e7e5 g1f3 b8c6 f1b5 a7a6 b5a4 g8f6 e1g1 f8e7 f1e1 b7b5 a4b3 d7d6 c2c3 e8g8 h2h3 c8b7 d2d4 f8e8 b1d2 e7f8 b3c2 c6b8 a2a4 b8d7 c2d3 c7c6 b2b4 g7g6 c1b2 f8g7 c3c4 e5d4 c4c5 d6c5 d3f1 c5b4 e4e5 f6d5 d2e4 d7e5 e4c5 e5f3 d1f3 d8b6 e1e8 a8e8 c5b7 b6b7 
userStdOut> isready
instruction> isready
stdOut> readyok
userStdOut> go infinite
instruction> go infinite
stdOut> info depth 1 seldepth 1 multipv 1 score cp -763 nodes 226 nps 226000 tbhits 0 time 1 pv a1a2
stdOut> info depth 1 seldepth 1 multipv 2 score cp -770 nodes 226 nps 226000 tbhits 0 time 1 pv a4b5
stdOut> info depth 1 seldepth 1 multipv 3 score cp -777 nodes 226 nps 226000 tbhits 0 time 1 pv f3g3
stdOut> info depth 1 seldepth 1 multipv 4 score cp -786 nodes 226 nps 226000 tbhits 0 time 1 pv h3h4
stdOut> info depth 2 seldepth 2 multipv 1 score cp -766 nodes 656 nps 656000 tbhits 0 time 1 pv a1a2 e8e1
stdOut> info depth 2 seldepth 2 multipv 2 score cp -770 nodes 656 nps 656000 tbhits 0 time 1 pv a4b5 a6b5
stdOut> info depth 2 seldepth 2 multipv 3 score cp -777 nodes 656 nps 656000 tbhits 0 time 1 pv f3g3 c6c5
stdOut> info depth 2 seldepth 2 multipv 4 score cp -786 nodes 656 nps 656000 tbhits 0 time 1 pv h3h4 c6c5
stdOut> info depth 3 seldepth 3 multipv 1 score cp -770 nodes 1204 nps 1204000 tbhits 0 time 1 pv a4b5 a6b5 g2g3
stdOut> info depth 3 seldepth 3 multipv 2 score cp -786 nodes 1204 nps 1204000 tbhits 0 time 1 pv h3h4 c6c5 a1d1
stdOut> info depth 3 seldepth 3 multipv 3 score cp -786 nodes 1204 nps 1204000 tbhits 0 time 1 pv a4a5 c6c5 a1d1
stdOut> info depth 3 seldepth 3 multipv 4 score cp -788 nodes 1204 nps 1204000 tbhits 0 time 1 pv f3g3 c6c5 a4b5
stdOut> info depth 4 seldepth 4 multipv 1 score cp -770 nodes 1635 nps 1635000 tbhits 0 time 1 pv a4b5 a6b5 g2g3 d5c3
stdOut> info depth 4 seldepth 4 multipv 2 score cp -786 nodes 1635 nps 1635000 tbhits 0 time 1 pv h3h4 c6c5 a1d1 b5a4
stdOut> info depth 4 seldepth 4 multipv 3 score cp -786 nodes 1635 nps 1635000 tbhits 0 time 1 pv a4a5 c6c5 a1d1 b7d7
stdOut> info depth 4 seldepth 4 multipv 4 score cp -788 nodes 1635 nps 1635000 tbhits 0 time 1 pv f3g3 c6c5 a4b5 a6b5
stdOut> info depth 5 seldepth 5 multipv 1 score cp -770 nodes 2265 nps 2265000 tbhits 0 time 1 pv a4b5 a6b5 g2g3 d5c3 g1g2
stdOut> info depth 5 seldepth 5 multipv 2 score cp -786 nodes 2265 nps 2265000 tbhits 0 time 1 pv h3h4 c6c5 a1d1 b5a4 f1c4
stdOut> info depth 5 seldepth 5 multipv 3 score cp -787 nodes 2265 nps 2265000 tbhits 0 time 1 pv a4a5 c6c5 a1d1 b7d7 d1c1
stdOut> info depth 5 seldepth 5 multipv 4 score cp -788 nodes 2265 nps 2265000 tbhits 0 time 1 pv f1d3 c6c5 d3e4 e8d8 f3d1
stdOut> info depth 6 seldepth 6 multipv 1 score cp -770 nodes 2947 nps 1473500 tbhits 0 time 2 pv a4b5 a6b5 g2g3 d5c3 g1g2 b7b6
stdOut> info depth 6 seldepth 6 multipv 2 score cp -786 nodes 2947 nps 1473500 tbhits 0 time 2 pv h3h4 c6c5 a1d1 b5a4 f1c4 e8e5
stdOut> info depth 6 seldepth 6 multipv 3 score cp -787 nodes 2947 nps 1473500 tbhits 0 time 2 pv a4a5 c6c5 a1d1 b7d7 d1c1 d5c3
stdOut> info depth 6 seldepth 6 multipv 4 score cp -788 nodes 2947 nps 1473500 tbhits 0 time 2 pv f1d3 c6c5 d3e4 e8d8 f3d1 b7b6
stdOut> info depth 7 seldepth 8 multipv 1 score cp -770 nodes 4278 nps 2139000 tbhits 0 time 2 pv a4b5 a6b5 g2g3 d5c3 g1g2 b7b6 b2c1 c6c5
stdOut> info depth 7 seldepth 8 multipv 2 score cp -786 nodes 4278 nps 2139000 tbhits 0 time 2 pv h3h4 c6c5 a1d1 b5a4 f1c4 e8e5 d1a1 b7c6
stdOut> info depth 7 seldepth 8 multipv 3 score cp -788 nodes 4278 nps 2139000 tbhits 0 time 2 pv f1d3 c6c5 d3e4 e8d8 f3d1 b7b6 a4a5
stdOut> info depth 7 seldepth 8 multipv 4 score cp -788 nodes 4278 nps 2139000 tbhits 0 time 2 pv g2g3 d5c3 a4b5
stdOut> info depth 8 seldepth 10 multipv 1 score cp -765 nodes 6925 nps 3462500 tbhits 0 time 2 pv g2g3 d5c3 f1d3 c3a4 a1b1 b7d7
stdOut> info depth 8 seldepth 10 multipv 2 score cp -770 nodes 6925 nps 3462500 tbhits 0 time 2 pv a4b5 a6b5 g2g3 d5c3 g1g2 b7b6 b2c1 c6c5 a1a8 b6e6
stdOut> info depth 8 seldepth 10 multipv 3 score cp -788 nodes 6925 nps 3462500 tbhits 0 time 2 pv f1d3 c6c5 d3e4 e8d8 f3d1 b7b6 a4a5 b6c7
stdOut> info depth 8 seldepth 10 multipv 4 score cp -791 nodes 6925 nps 3462500 tbhits 0 time 2 pv h3h4 c6c5 a4b5 a6b5 f1d3 c5c4 d3e4 e8d8 h4h5 f7f5
stdOut> info depth 9 seldepth 8 multipv 1 score cp -608 nodes 11601 nps 3867000 tbhits 0 time 3 pv a4b5 a6b5 g2g3 d5c3 g1g2
stdOut> info depth 9 seldepth 12 multipv 2 score cp -650 nodes 11601 nps 3867000 tbhits 0 time 3 pv g2g3 b5a4 a1a4 e8e1 f3d3
stdOut> info depth 9 seldepth 14 multipv 3 score cp -765 nodes 11601 nps 3867000 tbhits 0 time 3 pv a4a5 c6c5 g2g3 b7d7 f1g2 e8d8 b2c1 d5c3 c1g5
stdOut> info depth 9 seldepth 14 multipv 4 score cp -789 nodes 11601 nps 3867000 tbhits 0 time 3 pv f1d3 c6c5 d3e4 e8d8 f3d1 b7b6 a4b5 a6b5 e4d5 d8d5 a1a8 d5d8 a8d8 b6d8
stdOut> info depth 10 seldepth 13 multipv 1 score cp -655 nodes 24164 nps 4027333 tbhits 0 time 6 pv a4b5 a6b5 g2g3 e8d8 b2c1 d4d3 c1g5 g7a1 g5d8 d3d2 d8g5 a1c3 f3e2
stdOut> info depth 10 seldepth 14 multipv 2 score cp -713 nodes 24164 nps 4027333 tbhits 0 time 6 pv f1d3 b5a4 a1a4 e8e1 g1h2 b7d7 a4a6
stdOut> info depth 10 seldepth 14 multipv 3 score cp -732 nodes 24164 nps 4027333 tbhits 0 time 6 pv g2g3 e8d8 f3d3 b7b6 a4b5 a6b5 b2c1 d5c3 d3f3 d8b8 h3h4 c6c5 f1g2 b4b3
stdOut> info depth 10 seldepth 14 multipv 4 score cp -756 nodes 24164 nps 4027333 tbhits 0 time 6 pv h3h4 c6c5 g2g3 c5c4 f1g2 e8d8 h4h5 d4d3 b2g7 g8g7
stdOut> info depth 11 seldepth 21 multipv 1 score cp -712 nodes 57410 nps 3827333 tbhits 0 time 15 pv f1d3 c6c5 d3e4 e8d8 f3d1 b5a4 d1a4 c5c4 a4a5 b7d7 b2c1 d5c3 a5b4 c3e4 b4c4
stdOut> info depth 11 seldepth 17 multipv 2 score cp -723 nodes 57410 nps 3827333 tbhits 0 time 15 pv g2g3 e8d8 b2c1 d4d3 a1b1 d5c3 b1b4 d3d2 c1d2 d8d2 a4b5 a6b5 b4b3 b5b4
stdOut> info depth 11 seldepth 16 multipv 3 score cp -758 nodes 57410 nps 3827333 tbhits 0 time 15 pv a4a5 c6c5 g2g3 c5c4 a1d1 c4c3 b2c1 b4b3 f1g2 e8d8 c1g5 f7f6 d1d4
stdOut> info depth 11 seldepth 16 multipv 4 score cp -770 nodes 57410 nps 3827333 tbhits 0 time 15 pv a4b5 a6b5 g2g3 d5c3 g1g2 b7b6 b2c1 c6c5 a1a8 b6e6 f3b7 c5c4 a8b8 e8f8 c1d2 b4b3
stdOut> info depth 12 seldepth 17 multipv 1 score cp -723 nodes 108797 nps 3751620 tbhits 0 time 29 pv g1h1 c6c5 f1d3 c5c4 d3e4 e8d8 b2d4 g7d4 a1d1 f7f5 e4f5 g6f5
stdOut> info depth 12 seldepth 22 multipv 2 score cp -730 nodes 108797 nps 3751620 tbhits 0 time 29 pv f1d3 c6c5 d3e4 e8d8 f3d1 b5a4 d1a4 c5c4 a4a5 b7d7 a5a4 c4c3 b2c3 d7a4 a1a4 d5c3
stdOut> info depth 12 seldepth 18 multipv 3 score cp -757 nodes 108797 nps 3751620 tbhits 0 time 29 pv h3h4 c6c5 a4b5 a6b5 f1d3 b7d7 d3e4 d5c3 b2c3 d4c3
stdOut> info depth 12 seldepth 19 multipv 4 score cp -770 nodes 108797 nps 3751620 tbhits 0 time 29 pv g2g3 d5c3 a4b5 a6b5 g1g2 b7b6 b2c1 c6c5 a1a8 b6e6 f3b7 c5c4 a8b8 e8f8 c1d2 b4b3 d2c3 d4c3 b7b5
stdOut> info depth 13 seldepth 19 multipv 1 score cp -750 nodes 221755 nps 3695916 tbhits 0 time 60 pv g1h1 c6c5 a4b5 a6b5 a1d1 b7d7 f1d3 c5c4 b2d4 g7d4 d3c4 b5c4 d1d4
stdOut> info depth 13 seldepth 20 multipv 2 score cp -768 nodes 221755 nps 3695916 tbhits 0 time 60 pv f1d3 c6c5 d3e4 e8d8 a4b5 a6b5 a1d1 f7f5 e4b1 b4b3 g2g4 c5c4 b1f5 g6f5 g4f5
stdOut> info depth 13 seldepth 21 multipv 3 score cp -776 nodes 221755 nps 3695916 tbhits 0 time 60 pv a4b5 a6b5 g1h1 c6c5 a1d1 b7d7 b2a1 d5c3 a1c3 b4c3 f1d3 c5c4 d3e4 d7e7 e4c6 c3c2 c6e8 c2d1q f3d1 e7e8 d1d2
stdOut> info depth 13 seldepth 18 multipv 4 score cp -787 upperbound nodes 221755 nps 3695916 tbhits 0 time 60 pv g2g3 d5c3 a4a5 b7c7 f1g2 c6c5 f3b7 c7b7 g2b7 d4d3 g1f1 d3d2 b7a6 d2d1q a1d1 c3d1 a6b5 e8d8
stdOut> info depth 14 seldepth 23 multipv 1 score cp -757 nodes 348797 nps 3633302 tbhits 0 time 96 pv g2g3 d5c3 a4b5 a6b5 g1g2 b7b6 b2c1 c6c5 a1a8 b6e6 f3b7 c5c4 a8b8 d4d3 b7a8
stdOut> info depth 14 seldepth 28 multipv 2 score cp -764 nodes 348797 nps 3633302 tbhits 0 time 96 pv f1d3 c6c5 d3e4 e8d8 a4b5 a6b5 a1d1 f7f5 e4b1 b7b6 g2g4 f5g4 f3g4 b4b3 d1e1 c5c4 e1e6 b6a7 b1g6 h7g6 g4g6 b5b4 e6d6 d8d6 g6d6
stdOut> info depth 14 seldepth 31 multipv 3 score cp -776 nodes 348797 nps 3633302 tbhits 0 time 96 pv a4b5 a6b5 g2g4 d5c3 f1g2 e8d8 f3c6 b7c6 g2c6 d4d3 c6f3 d3d2 g1f1 d2d1r f3d1 d8d1 a1d1 c3d1 b2g7 g8g7 f1e2 d1f2
stdOut> info depth 14 seldepth 23 multipv 4 score cp -783 nodes 348797 nps 3633302 tbhits 0 time 96 pv h3h4 c6c5 f1d3 c5c4 d3e4 e8d8 f3d1 b7b6 a4b5 d5c3 d1f3 c3e4 b5a6 e4d2 f3b7 b6b7
stdOut> info depth 15 seldepth 29 multipv 1 score cp -771 nodes 761638 nps 3697271 tbhits 0 time 206 pv f1d3 c6c5 d3e4 e8d8 a4b5 a6b5 a1d1 f7f5 e4b1 b7b6 g2g4 f5g4 f3g4 b4b3 d1e1 c5c4 e1e6 b6a7 b1g6 h7g6 g4g6 b5b4
stdOut> info depth 15 seldepth 37 multipv 2 score cp -773 nodes 761638 nps 3697271 tbhits 0 time 206 pv g2g3 d5c3 a4b5 a6b5 g1g2 b7b6 b2c1 c6c5 a1a8 b6e6 f3b7 c5c4 a8b8 e8f8 b7a8 e6e5 b8c8 e5e1 c8f8 g7f8
stdOut> info depth 15 seldepth 26 multipv 3 score cp -774 nodes 761638 nps 3697271 tbhits 0 time 206 pv h3h4 c6c5 h4h5 c5c4 a4b5 a6b5 g2g4 c4c3 f1g2 e8d8 b2c1 b4b3 h5g6 h7g6 a1b1 b7e7 b1b3 e7e1 g2f1 e1c1 f3e2
stdOut> info depth 15 seldepth 21 multipv 4 score cp -776 nodes 761638 nps 3697271 tbhits 0 time 206 pv a4b5 a6b5 g2g4 d5c3 f1g2 e8d8 f3c6 b7c6 g2c6 d4d3 c6f3 d3d2 g1f1 d2d1r f3d1 d8d1 a1d1 c3d1 b2g7 g8g7 f1e2
stdOut> info depth 16 seldepth 29 multipv 1 score cp -717 nodes 1046925 nps 3820894 tbhits 0 time 274 pv f1d3 c6c5 d3e4 e8d8 a4b5 a6b5 a1e1 c5c4 b2c1 b7c6 c1g5 f7f6 g5d2 b4b3 d2a5 d8d6 f3e2 d4d3 e4d5 c6d5
stdOut> info depth 16 seldepth 34 multipv 2 score cp -743 nodes 1046925 nps 3820894 tbhits 0 time 274 pv h3h4 c6c5 h4h5 c5c4 a4b5 a6b5 g2g3 c4c3 f1g2 e8d8 b2c1 b4b3 h5g6 f7g6 c1g5 b3b2 a1b1 d8d6 g5f4
stdOut> info depth 16 seldepth 27 multipv 3 score cp -756 nodes 1046925 nps 3820894 tbhits 0 time 274 pv g2g3 d5c3 a4b5 a6b5 g1g2 b7b6 f1d3 c3a4 b2c1 c6c5 h3h4 b4b3 h4h5 c5c4 a1a4 b5a4 d3c4 b6c7 c4d5 e8e1 c1b2 c7d7 d5c6
stdOut> info depth 16 seldepth 27 multipv 4 score cp -761 nodes 1046925 nps 3820894 tbhits 0 time 274 pv a4b5 a6b5 g2g3 d5c3 g1g2 b7b6 f1d3 c3a4 b2c1 c6c5 h3h4 b4b3 h4h5 c5c4
userStdOut> chesscom movelist "e2e4 e7e5 g1f3 b8c6 f1b5 a7a6 b5a4 g8f6 e1g1 f8e7 f1e1 b7b5 a4b3 d7d6 c2c3 e8g8 h2h3 c8b7 d2d4 f8e8 b1d2 e7f8 b3c2 c6b8 a2a4 b8d7 c2d3 c7c6 b2b4 g7g6 c1b2 f8g7 c3c4 e5d4 c4c5 d6c5 d3f1 c5b4 e4e5 f6d5 d2e4 d7e5 e4c5 e5f3 d1f3 d8b6 e1e8 a8e8 c5b7 b6b7 a4b5 "
userStdOut> stop
instruction> stop
stdOut> info depth 17 seldepth 23 multipv 1 score cp -728 upperbound nodes 1122098 nps 3803722 tbhits 0 time 295 pv f1d3 c6c5
stdOut> info depth 16 seldepth 34 multipv 2 score cp -743 nodes 1122098 nps 3803722 tbhits 0 time 295 pv h3h4 c6c5 h4h5 c5c4 a4b5 a6b5 g2g3 c4c3 f1g2 e8d8 b2c1 b4b3 h5g6 f7g6 c1g5 b3b2 a1b1 d8d6 g5f4
stdOut> info depth 16 seldepth 27 multipv 3 score cp -756 nodes 1122098 nps 3803722 tbhits 0 time 295 pv g2g3 d5c3 a4b5 a6b5 g1g2 b7b6 f1d3 c3a4 b2c1 c6c5 h3h4 b4b3 h4h5 c5c4 a1a4 b5a4 d3c4 b6c7 c4d5 e8e1 c1b2 c7d7 d5c6
stdOut> info depth 16 seldepth 27 multipv 4 score cp -761 nodes 1122098 nps 3803722 tbhits 0 time 295 pv a4b5 a6b5 g2g3 d5c3 g1g2 b7b6 f1d3 c3a4 b2c1 c6c5 h3h4 b4b3 h4h5 c5c4
stdOut> bestmove f1d3 ponder c6c5
userStdOut> isready
instruction> isready
stdOut> readyok
userStdOut> position startpos moves e2e4 e7e5 g1f3 b8c6 f1b5 a7a6 b5a4 g8f6 e1g1 f8e7 f1e1 b7b5 a4b3 d7d6 c2c3 e8g8 h2h3 c8b7 d2d4 f8e8 b1d2 e7f8 b3c2 c6b8 a2a4 b8d7 c2d3 c7c6 b2b4 g7g6 c1b2 f8g7 c3c4 e5d4 c4c5 d6c5 d3f1 c5b4 e4e5 f6d5 d2e4 d7e5 e4c5 e5f3 d1f3 d8b6 e1e8 a8e8 c5b7 b6b7 a4b5 
instruction> position startpos moves e2e4 e7e5 g1f3 b8c6 f1b5 a7a6 b5a4 g8f6 e1g1 f8e7 f1e1 b7b5 a4b3 d7d6 c2c3 e8g8 h2h3 c8b7 d2d4 f8e8 b1d2 e7f8 b3c2 c6b8 a2a4 b8d7 c2d3 c7c6 b2b4 g7g6 c1b2 f8g7 c3c4 e5d4 c4c5 d6c5 d3f1 c5b4 e4e5 f6d5 d2e4 d7e5 e4c5 e5f3 d1f3 d8b6 e1e8 a8e8 c5b7 b6b7 a4b5 
userStdOut> isready
instruction> isready
stdOut> readyok
userStdOut> go infinite
instruction> go infinite
stdOut> info depth 1 seldepth 1 multipv 1 score cp 731 nodes 419 nps 419000 tbhits 0 time 1 pv a6b5
stdOut> info depth 1 seldepth 1 multipv 2 score cp 534 nodes 419 nps 419000 tbhits 0 time 1 pv c6b5
stdOut> info depth 1 seldepth 1 multipv 3 score cp 335 nodes 419 nps 419000 tbhits 0 time 1 pv d4d3 b5a6
stdOut> info depth 1 seldepth 1 multipv 4 score cp 277 nodes 419 nps 419000 tbhits 0 time 1 pv b7d7 b5c6 d7c6 a1a6 c6c5
stdOut> info depth 2 seldepth 2 multipv 1 score cp 731 nodes 880 nps 440000 tbhits 0 time 2 pv a6b5 g2g3
stdOut> info depth 2 seldepth 2 multipv 2 score cp 522 nodes 880 nps 440000 tbhits 0 time 2 pv c6b5 g2g3
stdOut> info depth 2 seldepth 2 multipv 3 score cp 335 nodes 880 nps 440000 tbhits 0 time 2 pv d4d3 b5a6
stdOut> info depth 2 seldepth 2 multipv 4 score cp 277 nodes 880 nps 440000 tbhits 0 time 2 pv b7d7 b5c6
stdOut> info depth 3 seldepth 3 multipv 1 score cp 731 nodes 1350 nps 675000 tbhits 0 time 2 pv a6b5 g2g3 e8d8
stdOut> info depth 3 seldepth 3 multipv 2 score cp 531 nodes 1350 nps 675000 tbhits 0 time 2 pv c6b5 g2g3 f7f5
stdOut> info depth 3 seldepth 3 multipv 3 score cp 262 nodes 1350 nps 675000 tbhits 0 time 2 pv b7d7 b5a6 c6c5
stdOut> info depth 3 seldepth 3 multipv 4 score cp 262 nodes 1350 nps 675000 tbhits 0 time 2 pv c6c5 b5a6 b7d7
stdOut> info depth 4 seldepth 4 multipv 1 score cp 731 nodes 2328 nps 1164000 tbhits 0 time 2 pv a6b5 g2g3 e8d8 b2c1
stdOut> info depth 4 seldepth 4 multipv 2 score cp 504 nodes 2328 nps 1164000 tbhits 0 time 2 pv c6b5 g2g3 e8d8 a1b1
stdOut> info depth 4 seldepth 4 multipv 3 score cp 238 nodes 2328 nps 1164000 tbhits 0 time 2 pv h7h6 b5a6 b7d7 a6a7
stdOut> info depth 4 seldepth 4 multipv 4 score cp 227 nodes 2328 nps 1164000 tbhits 0 time 2 pv e8e7 b5c6 b7c6 a1a6
stdOut> info depth 5 seldepth 5 multipv 1 score cp 731 nodes 3086 nps 1543000 tbhits 0 time 2 pv a6b5 g2g3 e8d8 b2c1 d5c3
stdOut> info depth 5 seldepth 5 multipv 2 score cp 422 nodes 3086 nps 1543000 tbhits 0 time 2 pv c6b5 g2g3 b7d7 a1a6 d5c3
stdOut> info depth 5 seldepth 5 multipv 3 score cp 238 nodes 3086 nps 1543000 tbhits 0 time 2 pv h7h6 b5a6 b7d7 a6a7 e8a8
stdOut> info depth 5 seldepth 5 multipv 4 score cp 220 nodes 3086 nps 1543000 tbhits 0 time 2 pv e8e7 b5c6 b7c6 a1a6 c6c5
stdOut> info depth 6 seldepth 6 multipv 1 score cp 731 nodes 4230 nps 2115000 tbhits 0 time 2 pv a6b5 g2g3 e8d8 b2c1 d5c3 h3h4
stdOut> info depth 6 seldepth 6 multipv 2 score cp 407 nodes 4230 nps 2115000 tbhits 0 time 2 pv c6b5 g2g3 b7d7 a1a6 d5c3 a6a8
stdOut> info depth 6 seldepth 6 multipv 3 score cp 215 nodes 4230 nps 2115000 tbhits 0 time 2 pv e8e7 b5a6 b7b6 f1c4 d5c3 f3g4
stdOut> info depth 6 seldepth 6 multipv 4 score cp 213 nodes 4230 nps 2115000 tbhits 0 time 2 pv h7h6 b5a6 b7d7 f1c4 d5b6 c4b3 c6c5
stdOut> info depth 7 seldepth 8 multipv 1 score cp 731 nodes 9098 nps 3032666 tbhits 0 time 3 pv a6b5 g2g3 e8d8 b2c1 d5c3 h3h4 b7d7 g1h2
stdOut> info depth 7 seldepth 11 multipv 2 score cp 327 nodes 9098 nps 3032666 tbhits 0 time 3 pv c6b5 g2g3 d4d3 b2g7 g8g7 f3d3 e8d8 f1g2
stdOut> info depth 7 seldepth 8 multipv 3 score cp 176 nodes 9098 nps 3032666 tbhits 0 time 3 pv e8e5 b5a6 b7a7 f1c4 g7f8 f3d3 f8c5
stdOut> info depth 7 seldepth 12 multipv 4 score cp 149 upperbound nodes 9098 nps 3032666 tbhits 0 time 3 pv b7d7 b5a6 d7c7 f3b3 e8b8 g2g3 d5c3 f1g2
stdOut> info depth 8 seldepth 11 multipv 1 score cp 731 nodes 14832 nps 3708000 tbhits 0 time 4 pv a6b5 g2g3 e8d8 b2c1 d5c3 h3h4 b7d7 g1h2 b4b3 h4h5 d4d3
stdOut> info depth 8 seldepth 11 multipv 2 score cp 414 nodes 14832 nps 3708000 tbhits 0 time 4 pv c6b5 g2g3 b7d7 a1a6 d5c3
stdOut> info depth 8 seldepth 12 multipv 3 score cp 215 nodes 14832 nps 3708000 tbhits 0 time 4 pv e8e7 b5a6 b7b6 f1c4 d5c3 f3g4
stdOut> info depth 8 seldepth 14 multipv 4 score cp 159 nodes 14832 nps 3708000 tbhits 0 time 4 pv b7d7 b5a6 d7c7 f3b3 e8b8 b3c4 d5c3 a6a7 b8a8
stdOut> info depth 9 seldepth 13 multipv 1 score cp 733 nodes 25147 nps 3592428 tbhits 0 time 7 pv a6b5 g2g3 e8d8 b2c1 d5c3 h3h4 b7d7 g1h2 b4b3 h4h5 d4d3 f1d3 c3a4
stdOut> info depth 9 seldepth 11 multipv 2 score cp 562 nodes 25147 nps 3592428 tbhits 0 time 7 pv c6b5 g2g3 e8d8 b2c1
stdOut> info depth 9 seldepth 13 multipv 3 score cp 195 nodes 25147 nps 3592428 tbhits 0 time 7 pv e8e7 b5a6 b7b6 f3b3 d5c3 f1d3 b6c5 b3c4 c5c4 d3c4
stdOut> info depth 9 seldepth 13 multipv 4 score cp 191 nodes 25147 nps 3592428 tbhits 0 time 7 pv h7h6 b5a6 b7c7 f3b3 d5c3 a6a7 e8a8
stdOut> info depth 10 seldepth 19 multipv 1 score cp 724 nodes 49824 nps 3832615 tbhits 0 time 13 pv a6b5 g2g3 e8d8 a1d1 d5c3 b2c3 b4c3 d1b1 b5b4 f1c4 d4d3 c4d3 b4b3 g1h2
stdOut> info depth 10 seldepth 18 multipv 2 score cp 426 nodes 49824 nps 3832615 tbhits 0 time 13 pv c6b5 a1d1 a6a5 g2g3 a5a4 f1g2 a4a3 b2a3 b4a3 f3d5 b7d5 g2d5
stdOut> info depth 10 seldepth 13 multipv 3 score cp 201 nodes 49824 nps 3832615 tbhits 0 time 13 pv e8e7 b5c6 b7c6 a1a5 e7d7 a5a6 c6b7 a6a5 d4d3 b2g7 g8g7 f1d3 b4b3
stdOut> info depth 10 seldepth 18 multipv 4 score cp 176 upperbound nodes 49824 nps 3832615 tbhits 0 time 13 pv e8e5 b5a6 b7a7 f1c4 g7f8 f3g3 f8d6 g3h4 d6c5 h4g3 a7e7 c4d5
stdOut> info depth 11 seldepth 18 multipv 1 score cp 732 nodes 92523 nps 3855125 tbhits 0 time 24 pv a6b5 g2g3 e8d8 f3d3 b7b6 b2c1 d5c3 d3f3 d8b8 h3h4 c6c5 f1g2 b4b3 h4h5 d4d3 f3d3 c5c4 d3f3
stdOut> info depth 11 seldepth 17 multipv 2 score cp 446 nodes 92523 nps 3855125 tbhits 0 time 24 pv c6b5 a1d1 a6a5 b2d4 g7d4 d1d4 e8e5 g2g3 a5a4 f1g2 b4b3 d4d5
stdOut> info depth 11 seldepth 18 multipv 3 score cp 206 nodes 92523 nps 3855125 tbhits 0 time 24 pv e8e5 b5a6 b7a7 f1c4 g7f8 f3d3 f8c5 c4b3 c5b6 b3d5 e5d5
stdOut> info depth 11 seldepth 15 multipv 4 score cp 203 nodes 92523 nps 3855125 tbhits 0 time 24 pv b7d7 b5a6 d5b6 f1d3 d7c7 a6a7 e8a8 b2c1 a8a7 a1a7 c7a7 f3c6 a7b8
stdOut> info depth 12 seldepth 22 multipv 1 score cp 718 nodes 222563 nps 3772254 tbhits 0 time 59 pv a6b5 g2g3 e8d8 f3d3 b7b6 b2c1 d5c3 d3f3 d8b8 h3h4 c6c5 f1g2 b4b3 g1h2 b6f6
stdOut> info depth 12 seldepth 21 multipv 2 score cp 498 nodes 222563 nps 3772254 tbhits 0 time 59 pv c6b5 a1d1 b4b3 h3h4 b7c6 d1c1 c6d7 f3b3 d5c3 b2c3 d4c3 c1b1 d7e7
stdOut> info depth 12 seldepth 21 multipv 3 score cp 186 nodes 222563 nps 3772254 tbhits 0 time 59 pv e8e7 b5a6 b7b6 f1c4 d5c3 f3g4 b6c5 c4d3 g7f8 g4c8 c5b6 c8a8
stdOut> info depth 12 seldepth 18 multipv 4 score cp 152 nodes 222563 nps 3772254 tbhits 0 time 59 pv a6a5 b5c6 b7c6 a1a5 c6c2 f3d5 c2b2 a5b5 g7f8 d5c4 b2c3 b5b7 c3c4
stdOut> info depth 13 seldepth 23 multipv 1 score cp 731 nodes 390841 nps 3758086 tbhits 0 time 104 pv a6b5 g2g3 e8d8 a1d1 d5c3 b2c3 b4c3 d1b1 b5b4 f1c4 d4d3 c4d3 b4b3 h3h4 b7d7 d3c4
stdOut> info depth 13 seldepth 22 multipv 2 score cp 413 nodes 390841 nps 3758086 tbhits 0 time 104 pv c6b5 a1d1 e8e7 b2d4 d5c3 f3b7 e7b7 d4c3 g7c3 d1d6 b4b3 d6a6 b7d7 a6a8 g8g7 f1b5 d7d1 g1h2 b3b2
stdOut> info depth 13 seldepth 20 multipv 3 score cp 233 nodes 390841 nps 3758086 tbhits 0 time 104 pv a6a5 b5c6 b7c6 a1a5 e8d8 g2g3 c6f6 a5d5 f6f3 d5d8 g7f8 b2d4 f3d1
stdOut> info depth 13 seldepth 21 multipv 4 score cp 193 nodes 390841 nps 3758086 tbhits 0 time 104 pv b7d7 b5a6 e8a8 f3b3 c6c5 b3c4 g7f8 a6a7 g8g7 a1a6 d7b7 b2d4 c5d4 c4d4 g7g8 f1c4
stdOut> info depth 14 seldepth 20 multipv 1 score cp 761 nodes 546363 nps 3691641 tbhits 0 time 148 pv a6b5 g2g3 d5c3 g1g2 b7b6 f1d3 c3a4 b2c1 c6c5 h3h4 b4b3 h4h5 b3b2 h5g6 h7g6 a1b1 c5c4 c1b2 c4d3
stdOut> info depth 14 seldepth 22 multipv 2 score cp 458 nodes 546363 nps 3691641 tbhits 0 time 148 pv c6b5 a1d1 e8e7 b2d4 d5c3 d4c3 b7f3 d1d8 g7f8 g2f3 b4c3 d8c8 b5b4 f1a6 b4b3 c8c3 b3b2
stdOut> info depth 14 seldepth 21 multipv 3 score cp 194 nodes 546363 nps 3691641 tbhits 0 time 148 pv a6a5 b5c6 b7c6 a1a5 d5e7 f3b3 c6e6 b3e6 f7e6 f1d3 e8b8 a5a7 g8f7 g1f1 g7e5 f1e2 f7f6 g2g3 b4b3 e2d2
stdOut> info depth 14 seldepth 21 multipv 4 score cp 171 nodes 546363 nps 3691641 tbhits 0 time 148 pv e8e7 b5a6 b7b6 f1c4 d5c3 f3g4 b6c5 c4d3 g7f8 g4f3 e7a7 d3f1 b4b3 g2g3 g8g7 f1g2 f8d6 f3c6
stdOut> info depth 15 seldepth 23 multipv 1 score cp 772 nodes 854680 nps 3683965 tbhits 0 time 232 pv a6b5 g2g3 d5c3 g1g2 b7b6 f1d3 c3a4 b2c1 c6c5 c1d2 b4b3 d3e4 c5c4 e4d5 b6c7 h3h4 a4c3 d5c6 b3b2
stdOut> info depth 15 seldepth 28 multipv 2 score cp 469 nodes 854680 nps 3683965 tbhits 0 time 232 pv c6b5 a1d1 e8e7 b2d4 d5c3 d4c3 b7f3 d1d8 g7f8 g2f3 b4c3 d8c8 b5b4 f1a6 e7e1 g1g2 b4b3 c8c3 b3b2 a6d3 b2b1q d3b1
stdOut> info depth 15 seldepth 26 multipv 3 score cp 245 nodes 854680 nps 3683965 tbhits 0 time 232 pv a6a5 b5c6 b7c6 a1a5 d5e7 f3c6 e7c6 a5c5 d4d3 b2c1 c6d4 f1d3 e8e1 g1h2 d4e6 c5c6 g7d4
stdOut> info depth 15 seldepth 27 multipv 4 score cp 182 nodes 854680 nps 3683965 tbhits 0 time 232 pv e8e7 b5c6 b7c6 a1a5 e7d7 f1a6 d7d8 a6d3 d5e7 f3e2 c6e6 e2e6 f7e6 a5a7 e7c6 a7a6
stdOut> info depth 16 seldepth 28 multipv 1 score cp 781 nodes 1796626 nps 3758631 tbhits 0 time 478 pv a6b5 g2g3 d5c3 g1g2 b7b6 f1d3 c3a4 b2c1 c6c5 c1d2 b4b3 d3e4 c5c4 e4d5 b6f6 f3f6 g7f6 d5c6 e8e5 g2f1 e5h5 a1b1 a4c3 d2c3
stdOut> info depth 16 seldepth 33 multipv 2 score cp 480 nodes 1796626 nps 3758631 tbhits 0 time 478 pv c6b5 a1d1 e8e7 b2d4 d5c3 d4c3 b7f3 d1d8 g7f8 g2f3 b4c3 d8c8 b5b4 f1a6 b4b3 c8c3 e7e1 g1g2 b3b2 a6d3 b2b1q d3b1 e1b1 c3c4 g8g7 c4c6 b1b3 c6c7 f8d6 c7c6
stdOut> info depth 16 seldepth 31 multipv 3 score cp 181 nodes 1796626 nps 3758631 tbhits 0 time 478 pv a6a5 b5c6 b7c6 a1a5 e8d8 a5a7 d8d7 a7d7 c6d7 f3b3 d7c6 g2g3 c6e6 b3c4 d4d3 b2g7 g8g7 c4d3
stdOut> info depth 16 seldepth 29 multipv 4 score cp 154 nodes 1796626 nps 3758631 tbhits 0 time 478 pv b7d7 b5a6 d5c3 f1c4 g7f8 h3h4 f8c5 h4h5 c5a7 a1c1 c6c5 f3b7 d7e7 h5g6 h7g6 b7e7 e8e7
stdOut> info depth 17 seldepth 31 multipv 1 score cp 778 nodes 2243264 nps 3802142 tbhits 0 time 590 pv a6b5 g2g3 d5c3 g1g2 b7b6 f1d3 c3a4 a1b1 c6c5 d3e4 c5c4 e4c6 e8c8 c6d5 c8f8 h3h4 b6c5 h4h5 b4b3 b2d4 g7d4 h5g6 h7g6
stdOut> info depth 17 seldepth 32 multipv 2 score cp 528 nodes 2243264 nps 3802142 tbhits 0 time 590 pv c6b5 a1d1 e8e7 b2d4 d5c3 d4c3 b7f3 d1d8 g7f8 g2f3 b4c3 d8c8 b5b4 f1a6 b4b3 c8c3 b3b2 a6d3 e7d7 c3b3 d7d3 b3b2 d3f3
stdOut> info depth 17 seldepth 26 multipv 3 score cp 203 nodes 2243264 nps 3802142 tbhits 0 time 590 pv a6a5 b5c6 b7c6 a1a5 e8d8 a5a7 d8d7 a7a6 c6b7 a6a5 d5c3 f3b7 d7b7 a5a8 g7f8 a8d8 b7e7 f1d3 e7e1 g1h2 g8g7 d8d4 e1d1
stdOut> info depth 17 seldepth 26 multipv 4 score cp 162 nodes 2243264 nps 3802142 tbhits 0 time 590 pv b7d7 b5a6 d5c3 f1c4 g7f8 h3h4 f8c5 h4h5 c3e4 c4d3 f7f5 d3c4 g8f8 f3d3 g6h5 a1d1 e4c3 d1a1 c5b6 g1f1 c3e4
userStdOut> chesscom movelist "e2e4 e7e5 g1f3 b8c6 f1b5 a7a6 b5a4 g8f6 e1g1 f8e7 f1e1 b7b5 a4b3 d7d6 c2c3 e8g8 h2h3 c8b7 d2d4 f8e8 b1d2 e7f8 b3c2 c6b8 a2a4 b8d7 c2d3 c7c6 b2b4 g7g6 c1b2 f8g7 c3c4 e5d4 c4c5 d6c5 d3f1 c5b4 e4e5 f6d5 d2e4 d7e5 e4c5 e5f3 d1f3 d8b6 e1e8 a8e8 c5b7 b6b7 a4b5 a6b5 "
userStdOut> stop
instruction> stop
stdOut> info depth 18 seldepth 31 multipv 1 score cp 783 nodes 2991163 nps 3854591 tbhits 0 time 776 pv a6b5 a1d1 d5c3 d1d2 b7c7 h3h4 c6c5 h4h5 c5c4 h5h6 g7h6 d2d4 c3a4 f3d5 a4b2 d5b5 e8e1 b5d5 c7e7 d5f3
stdOut> info depth 18 seldepth 29 multipv 2 score cp 496 nodes 2991163 nps 3854591 tbhits 0 time 776 pv c6b5 a1d1 e8e7 b2d4 d5c3 d4c3 b7f3 d1d8 g7f8 g2f3 b4c3 d8c8 b5b4 f1a6 b4b3 c8c3 b3b2 a6d3 e7d7 d3e4 b2b1q e4b1 d7d1 g1g2 d1b1 c3c4 g8g7 c4c6 b1b3
stdOut> info depth 18 seldepth 30 multipv 3 score cp 200 nodes 2991163 nps 3854591 tbhits 0 time 776 pv a6a5 b5c6 b7c6 a1a5 d5e7 f3b3 c6e6 b3a4 e8b8 a5a6 e6e5 a6a5 e5e4 a4d7 e7c6 a5a6 e4b1 d7d6 g7f8 d6c6 b1b2
stdOut> info depth 17 seldepth 26 multipv 4 score cp 162 nodes 2991163 nps 3854591 tbhits 0 time 776 pv b7d7 b5a6 d5c3 f1c4 g7f8 h3h4 f8c5 h4h5 c3e4 c4d3 f7f5 d3c4 g8f8 f3d3 g6h5 a1d1 e4c3 d1a1 c5b6 g1f1 c3e4
stdOut> bestmove a6b5 ponder a1d1
userStdOut> isready
instruction> isready
stdOut> readyok
userStdOut> position startpos moves e2e4 e7e5 g1f3 b8c6 f1b5 a7a6 b5a4 g8f6 e1g1 f8e7 f1e1 b7b5 a4b3 d7d6 c2c3 e8g8 h2h3 c8b7 d2d4 f8e8 b1d2 e7f8 b3c2 c6b8 a2a4 b8d7 c2d3 c7c6 b2b4 g7g6 c1b2 f8g7 c3c4 e5d4 c4c5 d6c5 d3f1 c5b4 e4e5 f6d5 d2e4 d7e5 e4c5 e5f3 d1f3 d8b6 e1e8 a8e8 c5b7 b6b7 a4b5 a6b5 
instruction> position startpos moves e2e4 e7e5 g1f3 b8c6 f1b5 a7a6 b5a4 g8f6 e1g1 f8e7 f1e1 b7b5 a4b3 d7d6 c2c3 e8g8 h2h3 c8b7 d2d4 f8e8 b1d2 e7f8 b3c2 c6b8 a2a4 b8d7 c2d3 c7c6 b2b4 g7g6 c1b2 f8g7 c3c4 e5d4 c4c5 d6c5 d3f1 c5b4 e4e5 f6d5 d2e4 d7e5 e4c5 e5f3 d1f3 d8b6 e1e8 a8e8 c5b7 b6b7 a4b5 a6b5 
userStdOut> isready
instruction> isready
stdOut> readyok
userStdOut> go infinite
instruction> go infinite
stdOut> info depth 1 seldepth 1 multipv 1 score cp -597 nodes 349 nps 349000 tbhits 0 time 1 pv a1d1
stdOut> info depth 1 seldepth 1 multipv 2 score cp -780 nodes 349 nps 349000 tbhits 0 time 1 pv g2g3
stdOut> info depth 1 seldepth 1 multipv 3 score cp -780 nodes 349 nps 349000 tbhits 0 time 1 pv g2g4
stdOut> info depth 1 seldepth 1 multipv 4 score cp -786 nodes 349 nps 349000 tbhits 0 time 1 pv a1c1
stdOut> info depth 2 seldepth 2 multipv 1 score cp -632 nodes 790 nps 790000 tbhits 0 time 1 pv a1d1 c6c5
stdOut> info depth 2 seldepth 2 multipv 2 score cp -780 nodes 790 nps 790000 tbhits 0 time 1 pv g2g3 d5c3
stdOut> info depth 2 seldepth 2 multipv 3 score cp -786 nodes 790 nps 790000 tbhits 0 time 1 pv g2g4 d5c3
stdOut> info depth 2 seldepth 2 multipv 4 score cp -788 nodes 790 nps 790000 tbhits 0 time 1 pv a1c1 d5c3
stdOut> info depth 3 seldepth 3 multipv 1 score cp -737 nodes 1237 nps 1237000 tbhits 0 time 1 pv a1d1 c6c5 b2a1
stdOut> info depth 3 seldepth 3 multipv 2 score cp -784 nodes 1237 nps 1237000 tbhits 0 time 1 pv g2g3 d5c3 f1g2
stdOut> info depth 3 seldepth 3 multipv 3 score cp -786 nodes 1237 nps 1237000 tbhits 0 time 1 pv g2g4 d5c3 f1g2
stdOut> info depth 3 seldepth 3 multipv 4 score cp -788 nodes 1237 nps 1237000 tbhits 0 time 1 pv a1c1 d5c3 g1h2
stdOut> info depth 4 seldepth 4 multipv 1 score cp -689 nodes 1765 nps 882500 tbhits 0 time 2 pv a1d1 c6c5 b2a1
stdOut> info depth 4 seldepth 4 multipv 2 score cp -784 nodes 1765 nps 882500 tbhits 0 time 2 pv g2g3 d5c3 f1g2 e8d8
stdOut> info depth 4 seldepth 4 multipv 3 score cp -786 nodes 1765 nps 882500 tbhits 0 time 2 pv g2g4 d5c3 f1g2 e8d8
stdOut> info depth 4 seldepth 4 multipv 4 score cp -788 nodes 1765 nps 882500 tbhits 0 time 2 pv a1c1 d5c3 g1h2 b7b6
stdOut> info depth 5 seldepth 5 multipv 1 score cp -568 nodes 2639 nps 1319500 tbhits 0 time 2 pv h3h4
stdOut> info depth 5 seldepth 5 multipv 2 score cp -686 nodes 2639 nps 1319500 tbhits 0 time 2 pv a1d1 c6c5 b2a1 b7c6 a1b2
stdOut> info depth 5 seldepth 5 multipv 3 score cp -784 nodes 2639 nps 1319500 tbhits 0 time 2 pv g2g3 d5c3 f3d3 c6c5 b2c3
stdOut> info depth 5 seldepth 5 multipv 4 score cp -786 nodes 2639 nps 1319500 tbhits 0 time 2 pv g2g4 d5c3 f1g2 e8d8 f3c6
stdOut> info depth 6 seldepth 6 multipv 1 score cp -742 nodes 3858 nps 1929000 tbhits 0 time 2 pv h3h4 c6c5 h4h5 c5c4 g2g3 c4c3
stdOut> info depth 6 seldepth 6 multipv 2 score cp -780 nodes 3858 nps 1929000 tbhits 0 time 2 pv a1d1 d5c3 d1d2 b4b3 d2d3 b7b6
stdOut> info depth 6 seldepth 6 multipv 3 score cp -784 nodes 3858 nps 1929000 tbhits 0 time 2 pv g2g3 d5c3 f1g2 e8d8 f3c6
stdOut> info depth 6 seldepth 6 multipv 4 score cp -786 nodes 3858 nps 1929000 tbhits 0 time 2 pv g2g4 d5c3 f1g2 e8d8 f3c6 b7c6 g2c6
stdOut> info depth 7 seldepth 10 multipv 1 score cp -741 nodes 4846 nps 2423000 tbhits 0 time 2 pv h3h4 c6c5 h4h5 c5c4 g2g3 c4c3 f1g2 e8d8 b2c1 b4b3
stdOut> info depth 7 seldepth 8 multipv 2 score cp -784 nodes 4846 nps 2423000 tbhits 0 time 2 pv a1d1 d5c3 d1d2 b4b3 d2d3 b7b6 d3d2 c6c5
stdOut> info depth 7 seldepth 8 multipv 3 score cp -784 nodes 4846 nps 2423000 tbhits 0 time 2 pv g2g3 d5c3 f1g2 e8d8 f3c6 b7c6 g2c6 d4d3
stdOut> info depth 7 seldepth 8 multipv 4 score cp -786 nodes 4846 nps 2423000 tbhits 0 time 2 pv g2g4 d5c3 f1g2 e8d8 f3c6 b7c6 g2c6 d4d3
stdOut> info depth 8 seldepth 15 multipv 1 score cp -741 nodes 7268 nps 2422666 tbhits 0 time 3 pv h3h4 c6c5 h4h5 c5c4 g2g3 c4c3 f1g2 e8d8 b2c1 b4b3 a1b1 b7e7 b1b3 e7e1 g2f1 e1c1
stdOut> info depth 8 seldepth 14 multipv 2 score cp -759 nodes 7268 nps 2422666 tbhits 0 time 3 pv g2g4 c6c5 f1b5 b7b5 f3d5 b5e2 b2c1
stdOut> info depth 8 seldepth 10 multipv 3 score cp -782 nodes 7268 nps 2422666 tbhits 0 time 3 pv a1d1 d5c3 d1d2 b4b3 d2d3 b5b4 d3d1 c3d1 f3d1 c6c5
stdOut> info depth 8 seldepth 11 multipv 4 score cp -788 nodes 7268 nps 2422666 tbhits 0 time 3 pv g2g3 d5c3 f1g2 e8d8 b2c1 d4d3 c1g5 d8d5 f3e3 c3e2 g1f1
stdOut> info depth 9 seldepth 11 multipv 1 score cp -747 nodes 9105 nps 3035000 tbhits 0 time 3 pv h3h4 c6c5 h4h5 c5c4 g2g3 c4c3 f1g2 e8d8 b2c1 b4b3 h5g6
stdOut> info depth 9 seldepth 13 multipv 2 score cp -763 nodes 9105 nps 3035000 tbhits 0 time 3 pv g2g4 e8d8 a1e1 c6c5 b2c1 c5c4 c1g5 f7f6 g5d2 b7b6 e1b1 b4b3 b1b3 c4b3
stdOut> info depth 9 seldepth 11 multipv 3 score cp -782 nodes 9105 nps 3035000 tbhits 0 time 3 pv a1d1 d5c3 d1d2 b4b3 d2d3 b5b4 d3d1 c3d1 f3d1 c6c5 d1b3
stdOut> info depth 9 seldepth 13 multipv 4 score cp -788 nodes 9105 nps 3035000 tbhits 0 time 3 pv g2g3 d5c3 f1g2 e8d8 b2c1 d4d3 c1g5 d8d5 f3e3 c3e2 g1f1 g7a1 g2d5
stdOut> info depth 10 seldepth 18 multipv 1 score cp -740 nodes 18430 nps 3686000 tbhits 0 time 5 pv a1d1 d5c3 d1d2 b7b6 b2c3 d4c3 d2d6 b4b3 d6c6 b6d4 c6c7
stdOut> info depth 10 seldepth 12 multipv 2 score cp -742 nodes 18430 nps 3686000 tbhits 0 time 5 pv h3h4 c6c5 h4h5 c5c4 g2g3 c4c3 f1g2 e8d8 f3d1 b7b6 g2d5 d8d5 a1a8 d5d8 a8d8 b6d8 h5g6 h7g6
stdOut> info depth 10 seldepth 17 multipv 3 score cp -763 nodes 18430 nps 3686000 tbhits 0 time 5 pv g2g4 e8d8 a1e1 c6c5 b2c1 c5c4 c1g5 f7f6 g5d2 b7b6 e1b1 b4b3 b1b3
stdOut> info depth 10 seldepth 18 multipv 4 score cp -788 nodes 18430 nps 3686000 tbhits 0 time 5 pv g2g3 d5c3 f1g2 e8d8 b2c1 d4d3 c1g5 d8d5 f3e3 c3e2 g1f1 g7a1 g2d5 c6d5 e3d3 e2c3 d3d4 b7d7
stdOut> info depth 11 seldepth 23 multipv 1 score cp -735 nodes 43825 nps 3984090 tbhits 0 time 11 pv g2g4 e8d8 a1e1 c6c5 b2c1 c5c4 c1g5 f7f6 g5d2 c4c3 f3d1 c3d2 d1d2 d5c3 f1g2 b7d7 d2b2 d4d3 b2b4 d3d2 b4c3 d2e1q c3e1
stdOut> info depth 11 seldepth 21 multipv 2 score cp -754 nodes 43825 nps 3984090 tbhits 0 time 11 pv h3h4 c6c5 h4h5 c5c4 g2g3 e8d8 b2c1 b4b3 c1g5 f7f6 g5c1 b7d7 h5g6 h7g6
stdOut> info depth 11 seldepth 18 multipv 3 score cp -755 nodes 43825 nps 3984090 tbhits 0 time 11 pv a1d1 d5c3 d1d2 b7c7 h3h4 c7d7 h4h5 c6c5 f3f4 c3d5 f4f3 e8e1 h5g6 h7g6
stdOut> info depth 11 seldepth 18 multipv 4 score cp -788 nodes 43825 nps 3984090 tbhits 0 time 11 pv g2g3 d5c3 f1g2 e8d8 b2c1 d4d3 c1g5 d8d5 f3e3 c3e2 g1f1 g7a1 g2d5 c6d5 e3d3 e2c3 d3d4 b7d7
stdOut> info depth 12 seldepth 31 multipv 1 score cp -724 nodes 88685 nps 4223095 tbhits 0 time 21 pv g2g4 e8d8 a1e1 c6c5 b2c1 c5c4 c1g5 f7f6 g5d2 b7b6 e1b1 b4b3 b1b3 c4b3 f3b3
stdOut> info depth 12 seldepth 21 multipv 2 score cp -753 nodes 88685 nps 4223095 tbhits 0 time 21 pv h3h4 c6c5 h4h5 c5c4 g2g3 e8d8 b2c1 b4b3 c1g5 f7f6 g5f4 c4c3 a1b1
stdOut> info depth 12 seldepth 19 multipv 3 score cp -758 nodes 88685 nps 4223095 tbhits 0 time 21 pv a1d1 d5c3 d1d2 b7c7 h3h4 c6c5 g2g3 b4b3 h4h5 c7b6 b2c3 d4c3 d2e2 e8e2 f3e2
stdOut> info depth 12 seldepth 18 multipv 4 score cp -788 nodes 88685 nps 4223095 tbhits 0 time 21 pv g2g3 d5c3 f1g2 e8d8 b2c1 d4d3 c1g5 d8d5 f3e3 c3e2 g1f1 g7a1 g2d5 c6d5 e3d3 e2c3 d3d4 b7d7
stdOut> info depth 13 seldepth 17 multipv 1 score cp -641 nodes 158610 nps 4173947 tbhits 0 time 38 pv g2g3 e8d8 a1d1 d5c3 b2c3 b4c3 d1b1 b5b4 f1c4
stdOut> info depth 13 seldepth 20 multipv 2 score cp -721 nodes 158610 nps 4173947 tbhits 0 time 38 pv g2g4 e8d8 a1e1 c6c5 b2c1 c5c4 c1g5 f7f6 g5d2 b7b6 e1b1 b4b3 b1b3 c4b3 f3b3 b6c5 f1g2 b5b4 g2d5 c5d5
stdOut> info depth 13 seldepth 24 multipv 3 score cp -746 nodes 158610 nps 4173947 tbhits 0 time 38 pv h3h4 c6c5 h4h5 c5c4 g2g3 e8d8 b2c1 b4b3 a1b1 b7e7 c1d2 e7f6 b1b3 c4b3 f3f6 g7f6 h5g6 h7g6
stdOut> info depth 13 seldepth 21 multipv 4 score cp -761 nodes 158610 nps 4173947 tbhits 0 time 38 pv f1d3 c6c5 d3e4 e8d8 a1e1 c5c4 b2c1 b7c6 c1g5 f7f6 g5d2 b4b3 d2a5 d8d6 f3e2 d4d3 e4d3 c4d3 e2d3 b3b2 d3d4
stdOut> info depth 14 seldepth 28 multipv 1 score cp -723 nodes 324016 nps 4154051 tbhits 0 time 78 pv g2g3 e8d8 a1d1 d5c3 d1d2 b7b6 b2c1 c6c5 d2b2 b6e6 h3h4 d8e8 c1d2 b4b3 h4h5 c5c4 h5g6 h7g6
stdOut> info depth 14 seldepth 20 multipv 2 score cp -736 nodes 324016 nps 4154051 tbhits 0 time 78 pv f1d3 c6c5 d3e4 e8d8 a1e1 c5c4 b2c1 b7c6 c1g5 f7f6 g5d2 c4c3 d2f4 b4b3 e1b1 c6c4 e4d3
stdOut> info depth 14 seldepth 25 multipv 3 score cp -739 nodes 324016 nps 4154051 tbhits 0 time 78 pv h3h4 c6c5 h4h5 c5c4 g2g3 e8d8 b2c1 b4b3 c1g5 f7f6 g5c1 b7d7 f1g2 c4c3 a1b1 d7e6 b1b3 e6e1 g1h2 e1c1 b3b5
stdOut> info depth 14 seldepth 29 multipv 4 score cp -762 nodes 324016 nps 4154051 tbhits 0 time 78 pv g2g4 e8d8 a1e1 c6c5 b2c1 c5c4 c1g5 f7f6 g5d2 b7c6 e1b1 c4c3 d2f4 c6c5 f1d3 d5f4 f3f4 c3c2 b1c1 b4b3
stdOut> info depth 15 seldepth 30 multipv 1 score cp -667 nodes 581700 nps 4039583 tbhits 0 time 144 pv g2g3 d5c3 f1g2 b7e7 f3c6 d4d3 g1h2 d3d2 g2f3 e8d8 h2g2 d2d1q f3d1 c3d1
stdOut> info depth 15 seldepth 26 multipv 2 score cp -674 nodes 581700 nps 4039583 tbhits 0 time 144 pv f1d3 c6c5 d3e4 e8d8 a1e1 c5c4 b2c1 b7c6 c1g5 f7f6 g5c1 d4d3 e4d3 c4d3 f3d3
stdOut> info depth 15 seldepth 26 multipv 3 score cp -700 nodes 581700 nps 4039583 tbhits 0 time 144 pv g2g4 e8d8 a1e1 c6c5 b2c1 c5c4 c1g5 f7f6 g5d2 c4c3 d2c1 b4b3 f3d1 b3b2 c1b2 c3b2 f1g2 b5b4 d1b3
stdOut> info depth 15 seldepth 25 multipv 4 score cp -740 nodes 581700 nps 4039583 tbhits 0 time 144 pv a1c1 d5c3 c1a1 b7b6 g2g3 c6c5 a1a8 e8f8 h3h4 c5c4 h4h5 d4d3 a8f8 g8f8 f1d3 c4d3 f3d3
stdOut> info depth 16 seldepth 30 multipv 1 score cp -702 nodes 1189585 nps 4173982 tbhits 0 time 285 pv h3h4 c6c5 h4h5 c5c4 g2g3 c4c3 a1b1 d4d3 b2c3 b4c3 f1d3 b5b4 h5g6 h7g6
stdOut> info depth 16 seldepth 28 multipv 2 score cp -769 nodes 1189585 nps 4173982 tbhits 0 time 285 pv f1d3 c6c5 d3e4 e8d8 a1e1 c5c4 b2c1 b7c6 c1g5 f7f6 g5d2 c4c3 e1d1 c3d2 d1d2 f6f5 e4c2 c6c3 f3c3 b4c3
stdOut> info depth 16 seldepth 29 multipv 3 score cp -769 nodes 1189585 nps 4173982 tbhits 0 time 285 pv g2g3 d5c3 f1g2 e8d8 f3c6 b7c6 g2c6 d4d3 g1g2 d3d2 c6f3 d2d1q f3d1 c3d1 b2g7 g8g7 a1b1 d8d4 g2f3 g7f6 b1b3 d1c3
stdOut> info depth 16 seldepth 32 multipv 4 score cp -774 nodes 1189585 nps 4173982 tbhits 0 time 285 pv a1d1 d5c3 d1a1 b7b6 g2g3 b6b7 f1g2 e8d8 f3c6 b7c6 g2c6 d4d3 g1g2 d3d2 c6f3 d2d1q f3d1 c3d1 b2g7 g8g7 a1b1 d8d4 g3g4 g7f6 g4g5 f6e5 b1d1 d4d1 h3h4 b4b3
