instruction> setoption name Hash value 512
stdOut> Stockfish 060919 64 BMI2 by T. Romstad, M. Costalba, J. Kiiski, G. Linscott
instruction> setoption name Threads value 2
instruction> setoption name MultiPV value 4
userStdOut> go depth 10 
instruction> go depth 10 
stdOut> info depth 1 seldepth 1 multipv 1 score cp 115 nodes 131 nps 65500 tbhits 0 time 2 pv e2e4
stdOut> info depth 1 seldepth 1 multipv 2 score cp 112 nodes 131 nps 65500 tbhits 0 time 2 pv e2e3
stdOut> info depth 1 seldepth 1 multipv 3 score cp 105 nodes 131 nps 65500 tbhits 0 time 2 pv d2d4
stdOut> info depth 1 seldepth 1 multipv 4 score cp 93 nodes 131 nps 65500 tbhits 0 time 2 pv d2d3
stdOut> info depth 2 seldepth 2 multipv 1 score cp 122 nodes 335 nps 167500 tbhits 0 time 2 pv e2e4 b7b6
stdOut> info depth 2 seldepth 2 multipv 2 score cp 115 nodes 335 nps 167500 tbhits 0 time 2 pv e2e3 c7c6
stdOut> info depth 2 seldepth 2 multipv 3 score cp 99 nodes 335 nps 167500 tbhits 0 time 2 pv d2d4 c7c6
stdOut> info depth 2 seldepth 2 multipv 4 score cp 87 nodes 335 nps 167500 tbhits 0 time 2 pv d2d3 c7c6
stdOut> info depth 3 seldepth 3 multipv 1 score cp 188 nodes 740 nps 246666 tbhits 0 time 3 pv d2d4 c7c6 e2e4
stdOut> info depth 3 seldepth 3 multipv 2 score cp 120 nodes 740 nps 246666 tbhits 0 time 3 pv e2e4 e7e6 d2d4
stdOut> info depth 3 seldepth 3 multipv 3 score cp 74 nodes 740 nps 246666 tbhits 0 time 3 pv e2e3 e7e6 d2d4
stdOut> info depth 3 seldepth 3 multipv 4 score cp 69 nodes 740 nps 246666 tbhits 0 time 3 pv b1c3 e7e6 e2e4
stdOut> info depth 4 seldepth 4 multipv 1 score cp 152 nodes 1535 nps 383750 tbhits 0 time 4 pv d2d4 c7c6 c1g5 b7b6
stdOut> info depth 4 seldepth 4 multipv 2 score cp 100 nodes 1535 nps 383750 tbhits 0 time 4 pv b1c3 e7e6 e2e4 b7b6
stdOut> info depth 4 seldepth 4 multipv 3 score cp 72 nodes 1535 nps 383750 tbhits 0 time 4 pv c2c3 e7e6 d2d4 b7b6
stdOut> info depth 4 seldepth 4 multipv 4 score cp 63 nodes 1535 nps 383750 tbhits 0 time 4 pv e2e4 e7e6 g1e2 b7b6
stdOut> info depth 5 seldepth 5 multipv 1 score cp 177 nodes 2695 nps 539000 tbhits 0 time 5 pv e2e4 e7e6
stdOut> info depth 5 seldepth 5 multipv 2 score cp 161 nodes 2695 nps 539000 tbhits 0 time 5 pv d2d4 d7d6 e2e4 c7c6 c1d2
stdOut> info depth 5 seldepth 5 multipv 3 score cp 145 nodes 2695 nps 539000 tbhits 0 time 5 pv b1c3 d7d5 d2d4
stdOut> info depth 5 seldepth 5 multipv 4 score cp 138 nodes 2695 nps 539000 tbhits 0 time 5 pv e2e3
stdOut> info depth 6 seldepth 6 multipv 1 score cp 126 nodes 6962 nps 1160333 tbhits 0 time 6 pv e2e4 e7e6 d2d4 c7c6 b1c3 d7d5
stdOut> info depth 6 seldepth 6 multipv 2 score cp 72 nodes 6962 nps 1160333 tbhits 0 time 6 pv b1c3 d7d5 e2e4 d5e4 c3e4 g8f6
stdOut> info depth 6 seldepth 6 multipv 3 score cp 63 nodes 6962 nps 1160333 tbhits 0 time 6 pv d2d4 d7d5 g1f3 b8c6 b1c3 g8f6
stdOut> info depth 6 seldepth 6 multipv 4 score cp 63 nodes 6962 nps 1160333 tbhits 0 time 6 pv g1f3 d7d5 d2d4 b8c6 b1c3 g8f6
stdOut> info depth 7 seldepth 8 multipv 1 score cp 105 nodes 12786 nps 1598250 tbhits 0 time 8 pv c2c4 d7d5 c4d5 e7e6 d5e6
stdOut> info depth 7 seldepth 10 multipv 2 score cp 84 nodes 12786 nps 1598250 tbhits 0 time 8 pv e2e4 e7e6 b1c3 d7d5 e4d5 g8f6 d2d4 f6d5
stdOut> info depth 7 seldepth 8 multipv 3 score cp 70 nodes 12786 nps 1598250 tbhits 0 time 8 pv g1f3 d7d5 d2d4 b8c6 e2e3 e7e6
stdOut> info depth 7 seldepth 8 multipv 4 score cp 60 nodes 12786 nps 1598250 tbhits 0 time 8 pv d2d4 d7d5 g1f3 g8f6 c2c3 b8c6 c1g5
stdOut> info depth 8 seldepth 11 multipv 1 score cp 97 nodes 34122 nps 2437285 tbhits 0 time 14 pv e2e4 e7e6 d2d4 d7d5 e4e5 g8e7 c1g5 b8c6 g1f3
stdOut> info depth 8 seldepth 10 multipv 2 score cp 75 nodes 34122 nps 2437285 tbhits 0 time 14 pv e2e3 d7d5 d2d4 e7e6 b1d2 b8d7 g1f3
stdOut> info depth 8 seldepth 10 multipv 3 score cp 44 nodes 34122 nps 2437285 tbhits 0 time 14 pv d2d4 g8f6 c2c4 d7d5 c4d5 c7c6 b1c3 f6d5
stdOut> info depth 8 seldepth 13 multipv 4 score cp 34 nodes 34122 nps 2437285 tbhits 0 time 14 pv c2c4 b8c6 b1c3 e7e5 g1f3 e5e4 c3e4 d7d5 c4d5 d8d5
stdOut> info depth 9 seldepth 16 multipv 1 score cp 80 nodes 62319 nps 2709521 tbhits 0 time 23 pv e2e4 d7d5 e4d5 c7c6 d2d4 c6d5 c2c4 b8c6 b1c3 e7e5 c4d5
stdOut> info depth 9 seldepth 12 multipv 2 score cp 67 nodes 62319 nps 2709521 tbhits 0 time 23 pv e2e3 e7e6 d2d4 d7d5 f1e2 d8g5 e1f1 g5e7
stdOut> info depth 9 seldepth 12 multipv 3 score cp 62 nodes 62319 nps 2709521 tbhits 0 time 23 pv d2d4 d7d5 c2c4 e7e6 c4d5 e6d5 e2e3
stdOut> info depth 9 seldepth 11 multipv 4 score cp 62 nodes 62319 nps 2709521 tbhits 0 time 23 pv c2c4 e7e6 d2d4 d7d5 c4d5 e6d5 e2e3
stdOut> info depth 10 seldepth 16 multipv 1 score cp 91 nodes 115840 nps 2970256 tbhits 0 time 39 pv b1c3 d7d5 d2d4 b8c6 e2e3 e7e6 g1f3 g8e7 f1d3
stdOut> info depth 10 seldepth 15 multipv 2 score cp 88 nodes 115840 nps 2970256 tbhits 0 time 39 pv g1f3 d7d5 e2e3 c7c6 d2d4 c8g4 f1e2 g4f3 e2f3
stdOut> info depth 10 seldepth 17 multipv 3 score cp 87 nodes 115840 nps 2970256 tbhits 0 time 39 pv e2e4 e7e5 b1c3 d7d5 e4d5 g8f6 d2d4 f6d5 d4e5
stdOut> info depth 10 seldepth 15 multipv 4 score cp 81 nodes 115840 nps 2970256 tbhits 0 time 39 pv d2d4 d7d5 e2e3 e7e6 g1f3 c7c5 c2c4 c5d4 e3d4
stdOut> bestmove b1c3 ponder d7d5
